This file contains any messages produced by compilers while
running configure, to aid debugging if configure makes a mistake.

It was created by ImageMagick configure 6.8.0-4, which was
generated by GNU Autoconf 2.69.  Invocation command line was

  $ ./configure 

## --------- ##
## Platform. ##
## --------- ##

hostname = u-06
uname -m = x86_64
uname -r = 3.2.0-26-generic
uname -s = Linux
uname -v = #41-Ubuntu SMP Thu Jun 14 17:49:24 UTC 2012

/usr/bin/uname -p = unknown
/bin/uname -X     = unknown

/bin/arch              = unknown
/usr/bin/arch -k       = unknown
/usr/convex/getsysinfo = unknown
/usr/bin/hostinfo      = unknown
/bin/machine           = unknown
/usr/bin/oslevel       = unknown
/bin/universe          = unknown

PATH: /bin
PATH: /usr/bin
PATH: /usr/etc
PATH: /usr/local/lam/bin


## ----------- ##
## Core tests. ##
## ----------- ##

configure:3492: checking build system type
configure:3506: result: x86_64-unknown-linux-gnu
configure:3526: checking host system type
configure:3539: result: x86_64-unknown-linux-gnu
configure:3559: checking target system type
configure:3572: result: x86_64-unknown-linux-gnu
configure:3637: checking whether build environment is sane
configure:3692: result: yes
configure:3721: checking for a BSD-compatible install
configure:3789: result: /usr/bin/install -c
configure:3939: checking for a thread-safe mkdir -p
configure:3978: result: /bin/mkdir -p
configure:3985: checking for gawk
configure:4015: result: no
configure:3985: checking for mawk
configure:4001: found /usr/bin/mawk
configure:4012: result: mawk
configure:4023: checking whether make sets $(MAKE)
configure:4045: result: yes
configure:4074: checking whether make supports nested variables
configure:4091: result: yes
configure:4183: checking whether make supports nested variables
configure:4200: result: yes
configure:4339: checking for style of include used by make
configure:4367: result: GNU
configure:4438: checking for gcc
configure:4454: found /usr/bin/gcc
configure:4465: result: gcc
configure:4694: checking for C compiler version
configure:4703: gcc --version >&5
gcc (Ubuntu/Linaro 4.6.3-1ubuntu5) 4.6.3
Copyright (C) 2011 Free Software Foundation, Inc.
This is free software; see the source for copying conditions.  There is NO
warranty; not even for MERCHANTABILITY or FITNESS FOR A PARTICULAR PURPOSE.

configure:4714: $? = 0
configure:4703: gcc -v >&5
Using built-in specs.
COLLECT_GCC=gcc
COLLECT_LTO_WRAPPER=/usr/lib/gcc/x86_64-linux-gnu/4.6/lto-wrapper
Target: x86_64-linux-gnu
Configured with: ../src/configure -v --with-pkgversion='Ubuntu/Linaro 4.6.3-1ubuntu5' --with-bugurl=file:///usr/share/doc/gcc-4.6/README.Bugs --enable-languages=c,c++,fortran,objc,obj-c++ --prefix=/usr --program-suffix=-4.6 --enable-shared --enable-linker-build-id --with-system-zlib --libexecdir=/usr/lib --without-included-gettext --enable-threads=posix --with-gxx-include-dir=/usr/include/c++/4.6 --libdir=/usr/lib --enable-nls --with-sysroot=/ --enable-clocale=gnu --enable-libstdcxx-debug --enable-libstdcxx-time=yes --enable-gnu-unique-object --enable-plugin --enable-objc-gc --disable-werror --with-arch-32=i686 --with-tune=generic --enable-checking=release --build=x86_64-linux-gnu --host=x86_64-linux-gnu --target=x86_64-linux-gnu
Thread model: posix
gcc version 4.6.3 (Ubuntu/Linaro 4.6.3-1ubuntu5) 
configure:4714: $? = 0
configure:4703: gcc -V >&5
gcc: error: unrecognized option '-V'
gcc: fatal error: no input files
compilation terminated.
configure:4714: $? = 4
configure:4703: gcc -qversion >&5
gcc: error: unrecognized option '-qversion'
gcc: fatal error: no input files
compilation terminated.
configure:4714: $? = 4
configure:4734: checking whether the C compiler works
configure:4756: gcc    conftest.c  >&5
configure:4760: $? = 0
configure:4808: result: yes
configure:4811: checking for C compiler default output file name
configure:4813: result: a.out
configure:4819: checking for suffix of executables
configure:4826: gcc -o conftest    conftest.c  >&5
configure:4830: $? = 0
configure:4852: result: 
configure:4874: checking whether we are cross compiling
configure:4882: gcc -o conftest    conftest.c  >&5
configure:4886: $? = 0
configure:4893: ./conftest
configure:4897: $? = 0
configure:4912: result: no
configure:4917: checking for suffix of object files
configure:4939: gcc -c   conftest.c >&5
configure:4943: $? = 0
configure:4964: result: o
configure:4968: checking whether we are using the GNU C compiler
configure:4987: gcc -c   conftest.c >&5
configure:4987: $? = 0
configure:4996: result: yes
configure:5005: checking whether gcc accepts -g
configure:5025: gcc -c -g  conftest.c >&5
configure:5025: $? = 0
configure:5066: result: yes
configure:5083: checking for gcc option to accept ISO C89
configure:5146: gcc  -c -g -O2  conftest.c >&5
configure:5146: $? = 0
configure:5159: result: none needed
configure:5181: checking dependency style of gcc
configure:5292: result: gcc3
configure:5313: checking how to run the C preprocessor
configure:5344: gcc -E  conftest.c
configure:5344: $? = 0
configure:5358: gcc -E  conftest.c
conftest.c:14:28: fatal error: ac_nonexistent.h: No such file or directory
compilation terminated.
configure:5358: $? = 1
configure: failed program was:
| /* confdefs.h */
| #define PACKAGE_NAME "ImageMagick"
| #define PACKAGE_TARNAME "ImageMagick"
| #define PACKAGE_VERSION "6.8.0-4"
| #define PACKAGE_STRING "ImageMagick 6.8.0-4"
| #define PACKAGE_BUGREPORT "http://www.imagemagick.org"
| #define PACKAGE_URL ""
| #define MAGICK_TARGET_CPU x86_64
| #define MAGICK_TARGET_VENDOR unknown
| #define MAGICK_TARGET_OS linux-gnu
| #define PACKAGE "ImageMagick"
| #define VERSION "6.8.0-4"
| /* end confdefs.h.  */
| #include <ac_nonexistent.h>
configure:5383: result: gcc -E
configure:5403: gcc -E  conftest.c
configure:5403: $? = 0
configure:5417: gcc -E  conftest.c
conftest.c:14:28: fatal error: ac_nonexistent.h: No such file or directory
compilation terminated.
configure:5417: $? = 1
configure: failed program was:
| /* confdefs.h */
| #define PACKAGE_NAME "ImageMagick"
| #define PACKAGE_TARNAME "ImageMagick"
| #define PACKAGE_VERSION "6.8.0-4"
| #define PACKAGE_STRING "ImageMagick 6.8.0-4"
| #define PACKAGE_BUGREPORT "http://www.imagemagick.org"
| #define PACKAGE_URL ""
| #define MAGICK_TARGET_CPU x86_64
| #define MAGICK_TARGET_VENDOR unknown
| #define MAGICK_TARGET_OS linux-gnu
| #define PACKAGE "ImageMagick"
| #define VERSION "6.8.0-4"
| /* end confdefs.h.  */
| #include <ac_nonexistent.h>
configure:5446: checking for grep that handles long lines and -e
configure:5504: result: /bin/grep
configure:5509: checking for egrep
configure:5571: result: /bin/grep -E
configure:5576: checking for ANSI C header files
configure:5596: gcc -c -g -O2  conftest.c >&5
configure:5596: $? = 0
configure:5669: gcc -o conftest -g -O2   conftest.c  >&5
configure:5669: $? = 0
configure:5669: ./conftest
configure:5669: $? = 0
configure:5680: result: yes
configure:5693: checking for sys/types.h
configure:5693: gcc -c -g -O2  conftest.c >&5
configure:5693: $? = 0
configure:5693: result: yes
configure:5693: checking for sys/stat.h
configure:5693: gcc -c -g -O2  conftest.c >&5
configure:5693: $? = 0
configure:5693: result: yes
configure:5693: checking for stdlib.h
configure:5693: gcc -c -g -O2  conftest.c >&5
configure:5693: $? = 0
configure:5693: result: yes
configure:5693: checking for string.h
configure:5693: gcc -c -g -O2  conftest.c >&5
configure:5693: $? = 0
configure:5693: result: yes
configure:5693: checking for memory.h
configure:5693: gcc -c -g -O2  conftest.c >&5
configure:5693: $? = 0
configure:5693: result: yes
configure:5693: checking for strings.h
configure:5693: gcc -c -g -O2  conftest.c >&5
configure:5693: $? = 0
configure:5693: result: yes
configure:5693: checking for inttypes.h
configure:5693: gcc -c -g -O2  conftest.c >&5
configure:5693: $? = 0
configure:5693: result: yes
configure:5693: checking for stdint.h
configure:5693: gcc -c -g -O2  conftest.c >&5
configure:5693: $? = 0
configure:5693: result: yes
configure:5693: checking for unistd.h
configure:5693: gcc -c -g -O2  conftest.c >&5
configure:5693: $? = 0
configure:5693: result: yes
configure:5706: checking minix/config.h usability
configure:5706: gcc -c -g -O2  conftest.c >&5
conftest.c:57:26: fatal error: minix/config.h: No such file or directory
compilation terminated.
configure:5706: $? = 1
configure: failed program was:
| /* confdefs.h */
| #define PACKAGE_NAME "ImageMagick"
| #define PACKAGE_TARNAME "ImageMagick"
| #define PACKAGE_VERSION "6.8.0-4"
| #define PACKAGE_STRING "ImageMagick 6.8.0-4"
| #define PACKAGE_BUGREPORT "http://www.imagemagick.org"
| #define PACKAGE_URL ""
| #define MAGICK_TARGET_CPU x86_64
| #define MAGICK_TARGET_VENDOR unknown
| #define MAGICK_TARGET_OS linux-gnu
| #define PACKAGE "ImageMagick"
| #define VERSION "6.8.0-4"
| #define STDC_HEADERS 1
| #define HAVE_SYS_TYPES_H 1
| #define HAVE_SYS_STAT_H 1
| #define HAVE_STDLIB_H 1
| #define HAVE_STRING_H 1
| #define HAVE_MEMORY_H 1
| #define HAVE_STRINGS_H 1
| #define HAVE_INTTYPES_H 1
| #define HAVE_STDINT_H 1
| #define HAVE_UNISTD_H 1
| /* end confdefs.h.  */
| #include <stdio.h>
| #ifdef HAVE_SYS_TYPES_H
| # include <sys/types.h>
| #endif
| #ifdef HAVE_SYS_STAT_H
| # include <sys/stat.h>
| #endif
| #ifdef STDC_HEADERS
| # include <stdlib.h>
| # include <stddef.h>
| #else
| # ifdef HAVE_STDLIB_H
| #  include <stdlib.h>
| # endif
| #endif
| #ifdef HAVE_STRING_H
| # if !defined STDC_HEADERS && defined HAVE_MEMORY_H
| #  include <memory.h>
| # endif
| # include <string.h>
| #endif
| #ifdef HAVE_STRINGS_H
| # include <strings.h>
| #endif
| #ifdef HAVE_INTTYPES_H
| # include <inttypes.h>
| #endif
| #ifdef HAVE_STDINT_H
| # include <stdint.h>
| #endif
| #ifdef HAVE_UNISTD_H
| # include <unistd.h>
| #endif
| #include <minix/config.h>
configure:5706: result: no
configure:5706: checking minix/config.h presence
configure:5706: gcc -E  conftest.c
conftest.c:24:26: fatal error: minix/config.h: No such file or directory
compilation terminated.
configure:5706: $? = 1
configure: failed program was:
| /* confdefs.h */
| #define PACKAGE_NAME "ImageMagick"
| #define PACKAGE_TARNAME "ImageMagick"
| #define PACKAGE_VERSION "6.8.0-4"
| #define PACKAGE_STRING "ImageMagick 6.8.0-4"
| #define PACKAGE_BUGREPORT "http://www.imagemagick.org"
| #define PACKAGE_URL ""
| #define MAGICK_TARGET_CPU x86_64
| #define MAGICK_TARGET_VENDOR unknown
| #define MAGICK_TARGET_OS linux-gnu
| #define PACKAGE "ImageMagick"
| #define VERSION "6.8.0-4"
| #define STDC_HEADERS 1
| #define HAVE_SYS_TYPES_H 1
| #define HAVE_SYS_STAT_H 1
| #define HAVE_STDLIB_H 1
| #define HAVE_STRING_H 1
| #define HAVE_MEMORY_H 1
| #define HAVE_STRINGS_H 1
| #define HAVE_INTTYPES_H 1
| #define HAVE_STDINT_H 1
| #define HAVE_UNISTD_H 1
| /* end confdefs.h.  */
| #include <minix/config.h>
configure:5706: result: no
configure:5706: checking for minix/config.h
configure:5706: result: no
configure:5727: checking whether it is safe to define __EXTENSIONS__
configure:5745: gcc -c -g -O2  conftest.c >&5
configure:5745: $? = 0
configure:5752: result: yes
configure:5816: checking for gcc
configure:5843: result: gcc
configure:6072: checking for C compiler version
configure:6081: gcc --version >&5
gcc (Ubuntu/Linaro 4.6.3-1ubuntu5) 4.6.3
Copyright (C) 2011 Free Software Foundation, Inc.
This is free software; see the source for copying conditions.  There is NO
warranty; not even for MERCHANTABILITY or FITNESS FOR A PARTICULAR PURPOSE.

configure:6092: $? = 0
configure:6081: gcc -v >&5
Using built-in specs.
COLLECT_GCC=gcc
COLLECT_LTO_WRAPPER=/usr/lib/gcc/x86_64-linux-gnu/4.6/lto-wrapper
Target: x86_64-linux-gnu
Configured with: ../src/configure -v --with-pkgversion='Ubuntu/Linaro 4.6.3-1ubuntu5' --with-bugurl=file:///usr/share/doc/gcc-4.6/README.Bugs --enable-languages=c,c++,fortran,objc,obj-c++ --prefix=/usr --program-suffix=-4.6 --enable-shared --enable-linker-build-id --with-system-zlib --libexecdir=/usr/lib --without-included-gettext --enable-threads=posix --with-gxx-include-dir=/usr/include/c++/4.6 --libdir=/usr/lib --enable-nls --with-sysroot=/ --enable-clocale=gnu --enable-libstdcxx-debug --enable-libstdcxx-time=yes --enable-gnu-unique-object --enable-plugin --enable-objc-gc --disable-werror --with-arch-32=i686 --with-tune=generic --enable-checking=release --build=x86_64-linux-gnu --host=x86_64-linux-gnu --target=x86_64-linux-gnu
Thread model: posix
gcc version 4.6.3 (Ubuntu/Linaro 4.6.3-1ubuntu5) 
configure:6092: $? = 0
configure:6081: gcc -V >&5
gcc: error: unrecognized option '-V'
gcc: fatal error: no input files
compilation terminated.
configure:6092: $? = 4
configure:6081: gcc -qversion >&5
gcc: error: unrecognized option '-qversion'
gcc: fatal error: no input files
compilation terminated.
configure:6092: $? = 4
configure:6096: checking whether we are using the GNU C compiler
configure:6124: result: yes
configure:6133: checking whether gcc accepts -g
configure:6194: result: yes
configure:6211: checking for gcc option to accept ISO C89
configure:6287: result: none needed
configure:6309: checking dependency style of gcc
configure:6420: result: gcc3
configure:6493: checking for g++
configure:6509: found /usr/bin/g++
configure:6520: result: g++
configure:6547: checking for C++ compiler version
configure:6556: g++ --version >&5
g++ (Ubuntu/Linaro 4.6.3-1ubuntu5) 4.6.3
Copyright (C) 2011 Free Software Foundation, Inc.
This is free software; see the source for copying conditions.  There is NO
warranty; not even for MERCHANTABILITY or FITNESS FOR A PARTICULAR PURPOSE.

configure:6567: $? = 0
configure:6556: g++ -v >&5
Using built-in specs.
COLLECT_GCC=g++
COLLECT_LTO_WRAPPER=/usr/lib/gcc/x86_64-linux-gnu/4.6/lto-wrapper
Target: x86_64-linux-gnu
Configured with: ../src/configure -v --with-pkgversion='Ubuntu/Linaro 4.6.3-1ubuntu5' --with-bugurl=file:///usr/share/doc/gcc-4.6/README.Bugs --enable-languages=c,c++,fortran,objc,obj-c++ --prefix=/usr --program-suffix=-4.6 --enable-shared --enable-linker-build-id --with-system-zlib --libexecdir=/usr/lib --without-included-gettext --enable-threads=posix --with-gxx-include-dir=/usr/include/c++/4.6 --libdir=/usr/lib --enable-nls --with-sysroot=/ --enable-clocale=gnu --enable-libstdcxx-debug --enable-libstdcxx-time=yes --enable-gnu-unique-object --enable-plugin --enable-objc-gc --disable-werror --with-arch-32=i686 --with-tune=generic --enable-checking=release --build=x86_64-linux-gnu --host=x86_64-linux-gnu --target=x86_64-linux-gnu
Thread model: posix
gcc version 4.6.3 (Ubuntu/Linaro 4.6.3-1ubuntu5) 
configure:6567: $? = 0
configure:6556: g++ -V >&5
g++: error: unrecognized option '-V'
g++: fatal error: no input files
compilation terminated.
configure:6567: $? = 4
configure:6556: g++ -qversion >&5
g++: error: unrecognized option '-qversion'
g++: fatal error: no input files
compilation terminated.
configure:6567: $? = 4
configure:6571: checking whether we are using the GNU C++ compiler
configure:6590: g++ -c   conftest.cpp >&5
configure:6590: $? = 0
configure:6599: result: yes
configure:6608: checking whether g++ accepts -g
configure:6628: g++ -c -g  conftest.cpp >&5
configure:6628: $? = 0
configure:6669: result: yes
configure:6694: checking dependency style of g++
configure:6805: result: gcc3
configure:6824: checking for gcc option to accept ISO C99
configure:6973: gcc  -c -g -O2  conftest.c >&5
conftest.c:79:29: error: expected ';', ',' or ')' before 'text'
conftest.c: In function 'main':
conftest.c:133:18: error: expected '=', ',', ';', 'asm' or '__attribute__' before 'newvar'
conftest.c:133:18: error: 'newvar' undeclared (first use in this function)
conftest.c:133:18: note: each undeclared identifier is reported only once for each function it appears in
conftest.c:143:3: error: 'for' loop initial declarations are only allowed in C99 mode
conftest.c:143:3: note: use option -std=c99 or -std=gnu99 to compile your code
configure:6973: $? = 1
configure: failed program was:
| /* confdefs.h */
| #define PACKAGE_NAME "ImageMagick"
| #define PACKAGE_TARNAME "ImageMagick"
| #define PACKAGE_VERSION "6.8.0-4"
| #define PACKAGE_STRING "ImageMagick 6.8.0-4"
| #define PACKAGE_BUGREPORT "http://www.imagemagick.org"
| #define PACKAGE_URL ""
| #define MAGICK_TARGET_CPU x86_64
| #define MAGICK_TARGET_VENDOR unknown
| #define MAGICK_TARGET_OS linux-gnu
| #define PACKAGE "ImageMagick"
| #define VERSION "6.8.0-4"
| #define STDC_HEADERS 1
| #define HAVE_SYS_TYPES_H 1
| #define HAVE_SYS_STAT_H 1
| #define HAVE_STDLIB_H 1
| #define HAVE_STRING_H 1
| #define HAVE_MEMORY_H 1
| #define HAVE_STRINGS_H 1
| #define HAVE_INTTYPES_H 1
| #define HAVE_STDINT_H 1
| #define HAVE_UNISTD_H 1
| #define __EXTENSIONS__ 1
| #define _ALL_SOURCE 1
| #define _GNU_SOURCE 1
| #define _POSIX_PTHREAD_SEMANTICS 1
| #define _TANDEM_SOURCE 1
| /* end confdefs.h.  */
| #include <stdarg.h>
| #include <stdbool.h>
| #include <stdlib.h>
| #include <wchar.h>
| #include <stdio.h>
| 
| // Check varargs macros.  These examples are taken from C99 6.10.3.5.
| #define debug(...) fprintf (stderr, __VA_ARGS__)
| #define showlist(...) puts (#__VA_ARGS__)
| #define report(test,...) ((test) ? puts (#test) : printf (__VA_ARGS__))
| static void
| test_varargs_macros (void)
| {
|   int x = 1234;
|   int y = 5678;
|   debug ("Flag");
|   debug ("X = %d\n", x);
|   showlist (The first, second, and third items.);
|   report (x>y, "x is %d but y is %d", x, y);
| }
| 
| // Check long long types.
| #define BIG64 18446744073709551615ull
| #define BIG32 4294967295ul
| #define BIG_OK (BIG64 / BIG32 == 4294967297ull && BIG64 % BIG32 == 0)
| #if !BIG_OK
|   your preprocessor is broken;
| #endif
| #if BIG_OK
| #else
|   your preprocessor is broken;
| #endif
| static long long int bignum = -9223372036854775807LL;
| static unsigned long long int ubignum = BIG64;
| 
| struct incomplete_array
| {
|   int datasize;
|   double data[];
| };
| 
| struct named_init {
|   int number;
|   const wchar_t *name;
|   double average;
| };
| 
| typedef const char *ccp;
| 
| static inline int
| test_restrict (ccp restrict text)
| {
|   // See if C++-style comments work.
|   // Iterate through items via the restricted pointer.
|   // Also check for declarations in for loops.
|   for (unsigned int i = 0; *(text+i) != '\0'; ++i)
|     continue;
|   return 0;
| }
| 
| // Check varargs and va_copy.
| static void
| test_varargs (const char *format, ...)
| {
|   va_list args;
|   va_start (args, format);
|   va_list args_copy;
|   va_copy (args_copy, args);
| 
|   const char *str;
|   int number;
|   float fnumber;
| 
|   while (*format)
|     {
|       switch (*format++)
| 	{
| 	case 's': // string
| 	  str = va_arg (args_copy, const char *);
| 	  break;
| 	case 'd': // int
| 	  number = va_arg (args_copy, int);
| 	  break;
| 	case 'f': // float
| 	  fnumber = va_arg (args_copy, double);
| 	  break;
| 	default:
| 	  break;
| 	}
|     }
|   va_end (args_copy);
|   va_end (args);
| }
| 
| int
| main ()
| {
| 
|   // Check bool.
|   _Bool success = false;
| 
|   // Check restrict.
|   if (test_restrict ("String literal") == 0)
|     success = true;
|   char *restrict newvar = "Another string";
| 
|   // Check varargs.
|   test_varargs ("s, d' f .", "string", 65, 34.234);
|   test_varargs_macros ();
| 
|   // Check flexible array members.
|   struct incomplete_array *ia =
|     malloc (sizeof (struct incomplete_array) + (sizeof (double) * 10));
|   ia->datasize = 10;
|   for (int i = 0; i < ia->datasize; ++i)
|     ia->data[i] = i * 1.234;
| 
|   // Check named initializers.
|   struct named_init ni = {
|     .number = 34,
|     .name = L"Test wide string",
|     .average = 543.34343,
|   };
| 
|   ni.number = 58;
| 
|   int dynamic_array[ni.number];
|   dynamic_array[ni.number - 1] = 543;
| 
|   // work around unused variable warnings
|   return (!success || bignum == 0LL || ubignum == 0uLL || newvar[0] == 'x'
| 	  || dynamic_array[ni.number - 1] != 543);
| 
|   ;
|   return 0;
| }
configure:6973: gcc -std=gnu99 -c -g -O2  conftest.c >&5
configure:6973: $? = 0
configure:6993: result: -std=gnu99
configure:7094: checking for gcc -std=gnu99 option to accept ISO Standard C
configure:7108: result: -std=gnu99
configure:7117: checking how to run the C preprocessor
configure:7187: result: gcc -E
configure:7207: gcc -E  conftest.c
configure:7207: $? = 0
configure:7221: gcc -E  conftest.c
conftest.c:29:28: fatal error: ac_nonexistent.h: No such file or directory
compilation terminated.
configure:7221: $? = 1
configure: failed program was:
| /* confdefs.h */
| #define PACKAGE_NAME "ImageMagick"
| #define PACKAGE_TARNAME "ImageMagick"
| #define PACKAGE_VERSION "6.8.0-4"
| #define PACKAGE_STRING "ImageMagick 6.8.0-4"
| #define PACKAGE_BUGREPORT "http://www.imagemagick.org"
| #define PACKAGE_URL ""
| #define MAGICK_TARGET_CPU x86_64
| #define MAGICK_TARGET_VENDOR unknown
| #define MAGICK_TARGET_OS linux-gnu
| #define PACKAGE "ImageMagick"
| #define VERSION "6.8.0-4"
| #define STDC_HEADERS 1
| #define HAVE_SYS_TYPES_H 1
| #define HAVE_SYS_STAT_H 1
| #define HAVE_STDLIB_H 1
| #define HAVE_STRING_H 1
| #define HAVE_MEMORY_H 1
| #define HAVE_STRINGS_H 1
| #define HAVE_INTTYPES_H 1
| #define HAVE_STDINT_H 1
| #define HAVE_UNISTD_H 1
| #define __EXTENSIONS__ 1
| #define _ALL_SOURCE 1
| #define _GNU_SOURCE 1
| #define _POSIX_PTHREAD_SEMANTICS 1
| #define _TANDEM_SOURCE 1
| /* end confdefs.h.  */
| #include <ac_nonexistent.h>
configure:7249: checking for a sed that does not truncate output
configure:7313: result: /bin/sed
configure:7331: checking for fgrep
configure:7393: result: /bin/grep -F
configure:7420: checking how to print strings
configure:7447: result: printf
configure:7480: checking for ld used by gcc -std=gnu99
configure:7547: result: /usr/bin/ld
configure:7554: checking if the linker (/usr/bin/ld) is GNU ld
configure:7569: result: yes
configure:7582: checking for gcc -std=gnu99 option to accept ISO C99
configure:7751: result: -std=gnu99
configure:7760: checking whether gcc -std=gnu99 -std=gnu99 and cc understand -c and -o together
configure:7791: gcc -std=gnu99 -std=gnu99 -c conftest.c -o conftest2.o >&5
configure:7795: $? = 0
configure:7801: gcc -std=gnu99 -std=gnu99 -c conftest.c -o conftest2.o >&5
configure:7805: $? = 0
configure:7816: cc -c conftest.c >&5
configure:7820: $? = 0
configure:7828: cc -c conftest.c -o conftest2.o >&5
configure:7832: $? = 0
configure:7838: cc -c conftest.c -o conftest2.o >&5
configure:7842: $? = 0
configure:7860: result: yes
configure:7885: checking CFLAGS for maximum warnings
configure:7911: gcc -std=gnu99 -std=gnu99 -c -g -O2 -pedantic  -Wall  conftest.c >&5
configure:7911: $? = 0
configure:7925: result: -Wall
configure:7938: : CFLAGS="$CFLAGS $ac_cv_cflags_warn_all"
configure:7941: $? = 0
configure:7948: checking for C compiler vendor
configure:7993: gcc -std=gnu99 -std=gnu99 -c -g -O2 -Wall  conftest.c >&5
conftest.c: In function 'main':
conftest.c:35:9: error: 'thisisanerror' undeclared (first use in this function)
conftest.c:35:9: note: each undeclared identifier is reported only once for each function it appears in
configure:7993: $? = 1
configure: failed program was:
| /* confdefs.h */
| #define PACKAGE_NAME "ImageMagick"
| #define PACKAGE_TARNAME "ImageMagick"
| #define PACKAGE_VERSION "6.8.0-4"
| #define PACKAGE_STRING "ImageMagick 6.8.0-4"
| #define PACKAGE_BUGREPORT "http://www.imagemagick.org"
| #define PACKAGE_URL ""
| #define MAGICK_TARGET_CPU x86_64
| #define MAGICK_TARGET_VENDOR unknown
| #define MAGICK_TARGET_OS linux-gnu
| #define PACKAGE "ImageMagick"
| #define VERSION "6.8.0-4"
| #define STDC_HEADERS 1
| #define HAVE_SYS_TYPES_H 1
| #define HAVE_SYS_STAT_H 1
| #define HAVE_STDLIB_H 1
| #define HAVE_STRING_H 1
| #define HAVE_MEMORY_H 1
| #define HAVE_STRINGS_H 1
| #define HAVE_INTTYPES_H 1
| #define HAVE_STDINT_H 1
| #define HAVE_UNISTD_H 1
| #define __EXTENSIONS__ 1
| #define _ALL_SOURCE 1
| #define _GNU_SOURCE 1
| #define _POSIX_PTHREAD_SEMANTICS 1
| #define _TANDEM_SOURCE 1
| /* end confdefs.h.  */
| 
| int
| main ()
| {
| 
|       #if !(defined(__ICC) || defined(__ECC) || defined(__INTEL_COMPILER))
|         thisisanerror;
|       #endif
| 
|   ;
|   return 0;
| }
configure:7993: gcc -std=gnu99 -std=gnu99 -c -g -O2 -Wall  conftest.c >&5
conftest.c: In function 'main':
conftest.c:35:9: error: 'thisisanerror' undeclared (first use in this function)
conftest.c:35:9: note: each undeclared identifier is reported only once for each function it appears in
configure:7993: $? = 1
configure: failed program was:
| /* confdefs.h */
| #define PACKAGE_NAME "ImageMagick"
| #define PACKAGE_TARNAME "ImageMagick"
| #define PACKAGE_VERSION "6.8.0-4"
| #define PACKAGE_STRING "ImageMagick 6.8.0-4"
| #define PACKAGE_BUGREPORT "http://www.imagemagick.org"
| #define PACKAGE_URL ""
| #define MAGICK_TARGET_CPU x86_64
| #define MAGICK_TARGET_VENDOR unknown
| #define MAGICK_TARGET_OS linux-gnu
| #define PACKAGE "ImageMagick"
| #define VERSION "6.8.0-4"
| #define STDC_HEADERS 1
| #define HAVE_SYS_TYPES_H 1
| #define HAVE_SYS_STAT_H 1
| #define HAVE_STDLIB_H 1
| #define HAVE_STRING_H 1
| #define HAVE_MEMORY_H 1
| #define HAVE_STRINGS_H 1
| #define HAVE_INTTYPES_H 1
| #define HAVE_STDINT_H 1
| #define HAVE_UNISTD_H 1
| #define __EXTENSIONS__ 1
| #define _ALL_SOURCE 1
| #define _GNU_SOURCE 1
| #define _POSIX_PTHREAD_SEMANTICS 1
| #define _TANDEM_SOURCE 1
| /* end confdefs.h.  */
| 
| int
| main ()
| {
| 
|       #if !(defined(__xlc__) || defined(__xlC__) || defined(__IBMC__) || defined(__IBMCPP__))
|         thisisanerror;
|       #endif
| 
|   ;
|   return 0;
| }
configure:7993: gcc -std=gnu99 -std=gnu99 -c -g -O2 -Wall  conftest.c >&5
conftest.c: In function 'main':
conftest.c:35:9: error: 'thisisanerror' undeclared (first use in this function)
conftest.c:35:9: note: each undeclared identifier is reported only once for each function it appears in
configure:7993: $? = 1
configure: failed program was:
| /* confdefs.h */
| #define PACKAGE_NAME "ImageMagick"
| #define PACKAGE_TARNAME "ImageMagick"
| #define PACKAGE_VERSION "6.8.0-4"
| #define PACKAGE_STRING "ImageMagick 6.8.0-4"
| #define PACKAGE_BUGREPORT "http://www.imagemagick.org"
| #define PACKAGE_URL ""
| #define MAGICK_TARGET_CPU x86_64
| #define MAGICK_TARGET_VENDOR unknown
| #define MAGICK_TARGET_OS linux-gnu
| #define PACKAGE "ImageMagick"
| #define VERSION "6.8.0-4"
| #define STDC_HEADERS 1
| #define HAVE_SYS_TYPES_H 1
| #define HAVE_SYS_STAT_H 1
| #define HAVE_STDLIB_H 1
| #define HAVE_STRING_H 1
| #define HAVE_MEMORY_H 1
| #define HAVE_STRINGS_H 1
| #define HAVE_INTTYPES_H 1
| #define HAVE_STDINT_H 1
| #define HAVE_UNISTD_H 1
| #define __EXTENSIONS__ 1
| #define _ALL_SOURCE 1
| #define _GNU_SOURCE 1
| #define _POSIX_PTHREAD_SEMANTICS 1
| #define _TANDEM_SOURCE 1
| /* end confdefs.h.  */
| 
| int
| main ()
| {
| 
|       #if !(defined(__PATHCC__) || defined(__PATHSCALE__))
|         thisisanerror;
|       #endif
| 
|   ;
|   return 0;
| }
configure:7993: gcc -std=gnu99 -std=gnu99 -c -g -O2 -Wall  conftest.c >&5
conftest.c: In function 'main':
conftest.c:35:9: error: 'thisisanerror' undeclared (first use in this function)
conftest.c:35:9: note: each undeclared identifier is reported only once for each function it appears in
configure:7993: $? = 1
configure: failed program was:
| /* confdefs.h */
| #define PACKAGE_NAME "ImageMagick"
| #define PACKAGE_TARNAME "ImageMagick"
| #define PACKAGE_VERSION "6.8.0-4"
| #define PACKAGE_STRING "ImageMagick 6.8.0-4"
| #define PACKAGE_BUGREPORT "http://www.imagemagick.org"
| #define PACKAGE_URL ""
| #define MAGICK_TARGET_CPU x86_64
| #define MAGICK_TARGET_VENDOR unknown
| #define MAGICK_TARGET_OS linux-gnu
| #define PACKAGE "ImageMagick"
| #define VERSION "6.8.0-4"
| #define STDC_HEADERS 1
| #define HAVE_SYS_TYPES_H 1
| #define HAVE_SYS_STAT_H 1
| #define HAVE_STDLIB_H 1
| #define HAVE_STRING_H 1
| #define HAVE_MEMORY_H 1
| #define HAVE_STRINGS_H 1
| #define HAVE_INTTYPES_H 1
| #define HAVE_STDINT_H 1
| #define HAVE_UNISTD_H 1
| #define __EXTENSIONS__ 1
| #define _ALL_SOURCE 1
| #define _GNU_SOURCE 1
| #define _POSIX_PTHREAD_SEMANTICS 1
| #define _TANDEM_SOURCE 1
| /* end confdefs.h.  */
| 
| int
| main ()
| {
| 
|       #if !(defined(__clang__))
|         thisisanerror;
|       #endif
| 
|   ;
|   return 0;
| }
configure:7993: gcc -std=gnu99 -std=gnu99 -c -g -O2 -Wall  conftest.c >&5
configure:7993: $? = 0
configure:8001: result: gnu
configure:8005: checking whether make sets $(MAKE)
configure:8027: result: yes
configure:8036: checking whether ln -s works
configure:8040: result: yes
configure:8051: checking for gawk
configure:8078: result: mawk
configure:8089: checking if malloc debugging is wanted
configure:8107: result: no
configure:8113: checking for __attribute__
configure:8135: gcc -std=gnu99 -std=gnu99 -c -g -O2 -Wall  conftest.c >&5
configure:8135: $? = 0
configure:8144: result: yes
configure:8164: checking for gcc architecture flag
configure:8166: result: 
configure:8551: checking for gcc architecture flag
configure:8553: result: unknown
configure:8610: checking for pkg-config
configure:8628: found /usr/bin/pkg-config
configure:8640: result: /usr/bin/pkg-config
configure:8665: checking pkg-config is at least version 0.9.0
configure:8668: result: yes
configure:8781: checking for linker lazyload option
configure:8797: result: none
configure:9041: checking for the pthreads library -lpthreads
configure:9079: gcc -std=gnu99 -std=gnu99 -o conftest -g -O2 -Wall    conftest.c -lpthreads  >&5
/usr/bin/ld: cannot find -lpthreads
collect2: ld returned 1 exit status
configure:9079: $? = 1
configure: failed program was:
| /* confdefs.h */
| #define PACKAGE_NAME "ImageMagick"
| #define PACKAGE_TARNAME "ImageMagick"
| #define PACKAGE_VERSION "6.8.0-4"
| #define PACKAGE_STRING "ImageMagick 6.8.0-4"
| #define PACKAGE_BUGREPORT "http://www.imagemagick.org"
| #define PACKAGE_URL ""
| #define MAGICK_TARGET_CPU x86_64
| #define MAGICK_TARGET_VENDOR unknown
| #define MAGICK_TARGET_OS linux-gnu
| #define PACKAGE "ImageMagick"
| #define VERSION "6.8.0-4"
| #define STDC_HEADERS 1
| #define HAVE_SYS_TYPES_H 1
| #define HAVE_SYS_STAT_H 1
| #define HAVE_STDLIB_H 1
| #define HAVE_STRING_H 1
| #define HAVE_MEMORY_H 1
| #define HAVE_STRINGS_H 1
| #define HAVE_INTTYPES_H 1
| #define HAVE_STDINT_H 1
| #define HAVE_UNISTD_H 1
| #define __EXTENSIONS__ 1
| #define _ALL_SOURCE 1
| #define _GNU_SOURCE 1
| #define _POSIX_PTHREAD_SEMANTICS 1
| #define _TANDEM_SOURCE 1
| #define HAVE___ATTRIBUTE__ 1
| /* end confdefs.h.  */
| #include <pthread.h>
|                         static void routine(void *a) { a = 0; }
|                         static void *start_routine(void *a) { return a; }
| int
| main ()
| {
| pthread_t th; pthread_attr_t attr;
|                         pthread_create(&th, 0, start_routine, 0);
|                         pthread_join(th, 0);
|                         pthread_attr_init(&attr);
|                         pthread_cleanup_push(routine, 0);
|                         pthread_cleanup_pop(0) /* ; */
|   ;
|   return 0;
| }
configure:9088: result: no
configure:8986: checking whether pthreads work without any flags
configure:9079: gcc -std=gnu99 -std=gnu99 -o conftest -g -O2 -Wall    conftest.c   >&5
/tmp/cc7e938P.o: In function `main':
/tmp/icehockey/ImageMagick-6.8.0-4/conftest.c:37: undefined reference to `pthread_create'
/tmp/icehockey/ImageMagick-6.8.0-4/conftest.c:38: undefined reference to `pthread_join'
/tmp/icehockey/ImageMagick-6.8.0-4/conftest.c:40: undefined reference to `__pthread_register_cancel'
/tmp/icehockey/ImageMagick-6.8.0-4/conftest.c:41: undefined reference to `__pthread_unregister_cancel'
collect2: ld returned 1 exit status
configure:9079: $? = 1
configure: failed program was:
| /* confdefs.h */
| #define PACKAGE_NAME "ImageMagick"
| #define PACKAGE_TARNAME "ImageMagick"
| #define PACKAGE_VERSION "6.8.0-4"
| #define PACKAGE_STRING "ImageMagick 6.8.0-4"
| #define PACKAGE_BUGREPORT "http://www.imagemagick.org"
| #define PACKAGE_URL ""
| #define MAGICK_TARGET_CPU x86_64
| #define MAGICK_TARGET_VENDOR unknown
| #define MAGICK_TARGET_OS linux-gnu
| #define PACKAGE "ImageMagick"
| #define VERSION "6.8.0-4"
| #define STDC_HEADERS 1
| #define HAVE_SYS_TYPES_H 1
| #define HAVE_SYS_STAT_H 1
| #define HAVE_STDLIB_H 1
| #define HAVE_STRING_H 1
| #define HAVE_MEMORY_H 1
| #define HAVE_STRINGS_H 1
| #define HAVE_INTTYPES_H 1
| #define HAVE_STDINT_H 1
| #define HAVE_UNISTD_H 1
| #define __EXTENSIONS__ 1
| #define _ALL_SOURCE 1
| #define _GNU_SOURCE 1
| #define _POSIX_PTHREAD_SEMANTICS 1
| #define _TANDEM_SOURCE 1
| #define HAVE___ATTRIBUTE__ 1
| /* end confdefs.h.  */
| #include <pthread.h>
|                         static void routine(void *a) { a = 0; }
|                         static void *start_routine(void *a) { return a; }
| int
| main ()
| {
| pthread_t th; pthread_attr_t attr;
|                         pthread_create(&th, 0, start_routine, 0);
|                         pthread_join(th, 0);
|                         pthread_attr_init(&attr);
|                         pthread_cleanup_push(routine, 0);
|                         pthread_cleanup_pop(0) /* ; */
|   ;
|   return 0;
| }
configure:9088: result: no
configure:8991: checking whether pthreads work with -Kthread
configure:9079: gcc -std=gnu99 -std=gnu99 -o conftest -g -O2 -Wall -Kthread   conftest.c   >&5
gcc: error: unrecognized option '-Kthread'
configure:9079: $? = 1
configure: failed program was:
| /* confdefs.h */
| #define PACKAGE_NAME "ImageMagick"
| #define PACKAGE_TARNAME "ImageMagick"
| #define PACKAGE_VERSION "6.8.0-4"
| #define PACKAGE_STRING "ImageMagick 6.8.0-4"
| #define PACKAGE_BUGREPORT "http://www.imagemagick.org"
| #define PACKAGE_URL ""
| #define MAGICK_TARGET_CPU x86_64
| #define MAGICK_TARGET_VENDOR unknown
| #define MAGICK_TARGET_OS linux-gnu
| #define PACKAGE "ImageMagick"
| #define VERSION "6.8.0-4"
| #define STDC_HEADERS 1
| #define HAVE_SYS_TYPES_H 1
| #define HAVE_SYS_STAT_H 1
| #define HAVE_STDLIB_H 1
| #define HAVE_STRING_H 1
| #define HAVE_MEMORY_H 1
| #define HAVE_STRINGS_H 1
| #define HAVE_INTTYPES_H 1
| #define HAVE_STDINT_H 1
| #define HAVE_UNISTD_H 1
| #define __EXTENSIONS__ 1
| #define _ALL_SOURCE 1
| #define _GNU_SOURCE 1
| #define _POSIX_PTHREAD_SEMANTICS 1
| #define _TANDEM_SOURCE 1
| #define HAVE___ATTRIBUTE__ 1
| /* end confdefs.h.  */
| #include <pthread.h>
|                         static void routine(void *a) { a = 0; }
|                         static void *start_routine(void *a) { return a; }
| int
| main ()
| {
| pthread_t th; pthread_attr_t attr;
|                         pthread_create(&th, 0, start_routine, 0);
|                         pthread_join(th, 0);
|                         pthread_attr_init(&attr);
|                         pthread_cleanup_push(routine, 0);
|                         pthread_cleanup_pop(0) /* ; */
|   ;
|   return 0;
| }
configure:9088: result: no
configure:8991: checking whether pthreads work with -kthread
configure:9079: gcc -std=gnu99 -std=gnu99 -o conftest -g -O2 -Wall -kthread   conftest.c   >&5
gcc: error: unrecognized option '-kthread'
configure:9079: $? = 1
configure: failed program was:
| /* confdefs.h */
| #define PACKAGE_NAME "ImageMagick"
| #define PACKAGE_TARNAME "ImageMagick"
| #define PACKAGE_VERSION "6.8.0-4"
| #define PACKAGE_STRING "ImageMagick 6.8.0-4"
| #define PACKAGE_BUGREPORT "http://www.imagemagick.org"
| #define PACKAGE_URL ""
| #define MAGICK_TARGET_CPU x86_64
| #define MAGICK_TARGET_VENDOR unknown
| #define MAGICK_TARGET_OS linux-gnu
| #define PACKAGE "ImageMagick"
| #define VERSION "6.8.0-4"
| #define STDC_HEADERS 1
| #define HAVE_SYS_TYPES_H 1
| #define HAVE_SYS_STAT_H 1
| #define HAVE_STDLIB_H 1
| #define HAVE_STRING_H 1
| #define HAVE_MEMORY_H 1
| #define HAVE_STRINGS_H 1
| #define HAVE_INTTYPES_H 1
| #define HAVE_STDINT_H 1
| #define HAVE_UNISTD_H 1
| #define __EXTENSIONS__ 1
| #define _ALL_SOURCE 1
| #define _GNU_SOURCE 1
| #define _POSIX_PTHREAD_SEMANTICS 1
| #define _TANDEM_SOURCE 1
| #define HAVE___ATTRIBUTE__ 1
| /* end confdefs.h.  */
| #include <pthread.h>
|                         static void routine(void *a) { a = 0; }
|                         static void *start_routine(void *a) { return a; }
| int
| main ()
| {
| pthread_t th; pthread_attr_t attr;
|                         pthread_create(&th, 0, start_routine, 0);
|                         pthread_join(th, 0);
|                         pthread_attr_init(&attr);
|                         pthread_cleanup_push(routine, 0);
|                         pthread_cleanup_pop(0) /* ; */
|   ;
|   return 0;
| }
configure:9088: result: no
configure:9041: checking for the pthreads library -llthread
configure:9079: gcc -std=gnu99 -std=gnu99 -o conftest -g -O2 -Wall    conftest.c -llthread  >&5
/usr/bin/ld: cannot find -llthread
collect2: ld returned 1 exit status
configure:9079: $? = 1
configure: failed program was:
| /* confdefs.h */
| #define PACKAGE_NAME "ImageMagick"
| #define PACKAGE_TARNAME "ImageMagick"
| #define PACKAGE_VERSION "6.8.0-4"
| #define PACKAGE_STRING "ImageMagick 6.8.0-4"
| #define PACKAGE_BUGREPORT "http://www.imagemagick.org"
| #define PACKAGE_URL ""
| #define MAGICK_TARGET_CPU x86_64
| #define MAGICK_TARGET_VENDOR unknown
| #define MAGICK_TARGET_OS linux-gnu
| #define PACKAGE "ImageMagick"
| #define VERSION "6.8.0-4"
| #define STDC_HEADERS 1
| #define HAVE_SYS_TYPES_H 1
| #define HAVE_SYS_STAT_H 1
| #define HAVE_STDLIB_H 1
| #define HAVE_STRING_H 1
| #define HAVE_MEMORY_H 1
| #define HAVE_STRINGS_H 1
| #define HAVE_INTTYPES_H 1
| #define HAVE_STDINT_H 1
| #define HAVE_UNISTD_H 1
| #define __EXTENSIONS__ 1
| #define _ALL_SOURCE 1
| #define _GNU_SOURCE 1
| #define _POSIX_PTHREAD_SEMANTICS 1
| #define _TANDEM_SOURCE 1
| #define HAVE___ATTRIBUTE__ 1
| /* end confdefs.h.  */
| #include <pthread.h>
|                         static void routine(void *a) { a = 0; }
|                         static void *start_routine(void *a) { return a; }
| int
| main ()
| {
| pthread_t th; pthread_attr_t attr;
|                         pthread_create(&th, 0, start_routine, 0);
|                         pthread_join(th, 0);
|                         pthread_attr_init(&attr);
|                         pthread_cleanup_push(routine, 0);
|                         pthread_cleanup_pop(0) /* ; */
|   ;
|   return 0;
| }
configure:9088: result: no
configure:8991: checking whether pthreads work with -pthread
configure:9079: gcc -std=gnu99 -std=gnu99 -o conftest -g -O2 -Wall -pthread   conftest.c   >&5
configure:9079: $? = 0
configure:9088: result: yes
configure:9107: checking for joinable pthread attribute
configure:9122: gcc -std=gnu99 -std=gnu99 -o conftest -g -O2 -Wall -pthread   conftest.c   >&5
configure:9122: $? = 0
configure:9128: result: PTHREAD_CREATE_JOINABLE
configure:9138: checking if more special flags are required for pthreads
configure:9145: result: no
configure:9151: checking for PTHREAD_PRIO_INHERIT
configure:9169: gcc -std=gnu99 -std=gnu99 -o conftest -g -O2 -Wall -pthread   conftest.c   >&5
conftest.c: In function 'main':
conftest.c:35:5: warning: unused variable 'i' [-Wunused-variable]
configure:9169: $? = 0
configure:9178: result: yes
configure:9290: checking for gcc -std=gnu99 -std=gnu99 option to support OpenMP
configure:9305: gcc -std=gnu99 -std=gnu99 -o conftest -g -O2 -Wall -pthread   conftest.c  >&5
conftest.c:35:2: error: unknown type name 'choke'
In file included from conftest.c:37:0:
/usr/lib/gcc/x86_64-linux-gnu/4.6/include/omp.h:34:1: error: expected '=', ',', ';', 'asm' or '__attribute__' before 'typedef'
configure:9305: $? = 1
configure: failed program was:
| /* confdefs.h */
| #define PACKAGE_NAME "ImageMagick"
| #define PACKAGE_TARNAME "ImageMagick"
| #define PACKAGE_VERSION "6.8.0-4"
| #define PACKAGE_STRING "ImageMagick 6.8.0-4"
| #define PACKAGE_BUGREPORT "http://www.imagemagick.org"
| #define PACKAGE_URL ""
| #define MAGICK_TARGET_CPU x86_64
| #define MAGICK_TARGET_VENDOR unknown
| #define MAGICK_TARGET_OS linux-gnu
| #define PACKAGE "ImageMagick"
| #define VERSION "6.8.0-4"
| #define STDC_HEADERS 1
| #define HAVE_SYS_TYPES_H 1
| #define HAVE_SYS_STAT_H 1
| #define HAVE_STDLIB_H 1
| #define HAVE_STRING_H 1
| #define HAVE_MEMORY_H 1
| #define HAVE_STRINGS_H 1
| #define HAVE_INTTYPES_H 1
| #define HAVE_STDINT_H 1
| #define HAVE_UNISTD_H 1
| #define __EXTENSIONS__ 1
| #define _ALL_SOURCE 1
| #define _GNU_SOURCE 1
| #define _POSIX_PTHREAD_SEMANTICS 1
| #define _TANDEM_SOURCE 1
| #define HAVE___ATTRIBUTE__ 1
| #define HAVE_PTHREAD_PRIO_INHERIT 1
| #define HAVE_PTHREAD 1
| #define THREAD_SUPPORT 1
| /* end confdefs.h.  */
| 
| #ifndef _OPENMP
|  choke me
| #endif
| #include <omp.h>
| int main () { return omp_get_num_threads (); }
| 
configure:9323: gcc -std=gnu99 -std=gnu99 -o conftest -g -O2 -Wall -pthread -fopenmp   conftest.c  >&5
configure:9323: $? = 0
configure:9337: result: -fopenmp
configure:9380: checking for pthread_join in LIBS= with CFLAGS=-pthread
configure:9400: gcc -std=gnu99 -std=gnu99 -o conftest -fopenmp -g -O2 -Wall -pthread -pthread   conftest.c   >&5
configure:9400: $? = 0
configure:9405: result: yes
configure:9592: checking for joinable pthread attribute
configure:9607: gcc -std=gnu99 -std=gnu99 -o conftest -fopenmp -g -O2 -Wall -pthread -pthread   conftest.c   >&5
configure:9607: $? = 0
configure:9613: result: PTHREAD_CREATE_JOINABLE
configure:9623: checking if more special flags are required for pthreads
configure:9630: result: no
configure:9636: checking for PTHREAD_PRIO_INHERIT
configure:9663: result: yes
configure:9763: checking whether we are using the Microsoft C compiler
configure:9782: gcc -std=gnu99 -std=gnu99 -c -fopenmp -g -O2 -Wall -pthread  conftest.c >&5
conftest.c: In function 'main':
conftest.c:40:8: error: unknown type name 'choke'
conftest.c:40:14: warning: unused variable 'me' [-Wunused-variable]
configure:9782: $? = 1
configure: failed program was:
| /* confdefs.h */
| #define PACKAGE_NAME "ImageMagick"
| #define PACKAGE_TARNAME "ImageMagick"
| #define PACKAGE_VERSION "6.8.0-4"
| #define PACKAGE_STRING "ImageMagick 6.8.0-4"
| #define PACKAGE_BUGREPORT "http://www.imagemagick.org"
| #define PACKAGE_URL ""
| #define MAGICK_TARGET_CPU x86_64
| #define MAGICK_TARGET_VENDOR unknown
| #define MAGICK_TARGET_OS linux-gnu
| #define PACKAGE "ImageMagick"
| #define VERSION "6.8.0-4"
| #define STDC_HEADERS 1
| #define HAVE_SYS_TYPES_H 1
| #define HAVE_SYS_STAT_H 1
| #define HAVE_STDLIB_H 1
| #define HAVE_STRING_H 1
| #define HAVE_MEMORY_H 1
| #define HAVE_STRINGS_H 1
| #define HAVE_INTTYPES_H 1
| #define HAVE_STDINT_H 1
| #define HAVE_UNISTD_H 1
| #define __EXTENSIONS__ 1
| #define _ALL_SOURCE 1
| #define _GNU_SOURCE 1
| #define _POSIX_PTHREAD_SEMANTICS 1
| #define _TANDEM_SOURCE 1
| #define HAVE___ATTRIBUTE__ 1
| #define HAVE_PTHREAD_PRIO_INHERIT 1
| #define HAVE_PTHREAD 1
| #define THREAD_SUPPORT 1
| #define HAVE_PTHREAD_PRIO_INHERIT 1
| #define HAVE_PTHREAD 1
| /* end confdefs.h.  */
| 
| int
| main ()
| {
| #ifndef _MSC_VER
|        choke me
| #endif
| 
|   ;
|   return 0;
| }
configure:9791: result: no
configure:9802: checking CL/cl.h usability
configure:9802: gcc -std=gnu99 -std=gnu99 -c -fopenmp -g -O2 -Wall -pthread -pthread  conftest.c >&5
conftest.c:68:19: fatal error: CL/cl.h: No such file or directory
compilation terminated.
configure:9802: $? = 1
configure: failed program was:
| /* confdefs.h */
| #define PACKAGE_NAME "ImageMagick"
| #define PACKAGE_TARNAME "ImageMagick"
| #define PACKAGE_VERSION "6.8.0-4"
| #define PACKAGE_STRING "ImageMagick 6.8.0-4"
| #define PACKAGE_BUGREPORT "http://www.imagemagick.org"
| #define PACKAGE_URL ""
| #define MAGICK_TARGET_CPU x86_64
| #define MAGICK_TARGET_VENDOR unknown
| #define MAGICK_TARGET_OS linux-gnu
| #define PACKAGE "ImageMagick"
| #define VERSION "6.8.0-4"
| #define STDC_HEADERS 1
| #define HAVE_SYS_TYPES_H 1
| #define HAVE_SYS_STAT_H 1
| #define HAVE_STDLIB_H 1
| #define HAVE_STRING_H 1
| #define HAVE_MEMORY_H 1
| #define HAVE_STRINGS_H 1
| #define HAVE_INTTYPES_H 1
| #define HAVE_STDINT_H 1
| #define HAVE_UNISTD_H 1
| #define __EXTENSIONS__ 1
| #define _ALL_SOURCE 1
| #define _GNU_SOURCE 1
| #define _POSIX_PTHREAD_SEMANTICS 1
| #define _TANDEM_SOURCE 1
| #define HAVE___ATTRIBUTE__ 1
| #define HAVE_PTHREAD_PRIO_INHERIT 1
| #define HAVE_PTHREAD 1
| #define THREAD_SUPPORT 1
| #define HAVE_PTHREAD_PRIO_INHERIT 1
| #define HAVE_PTHREAD 1
| /* end confdefs.h.  */
| #include <stdio.h>
| #ifdef HAVE_SYS_TYPES_H
| # include <sys/types.h>
| #endif
| #ifdef HAVE_SYS_STAT_H
| # include <sys/stat.h>
| #endif
| #ifdef STDC_HEADERS
| # include <stdlib.h>
| # include <stddef.h>
| #else
| # ifdef HAVE_STDLIB_H
| #  include <stdlib.h>
| # endif
| #endif
| #ifdef HAVE_STRING_H
| # if !defined STDC_HEADERS && defined HAVE_MEMORY_H
| #  include <memory.h>
| # endif
| # include <string.h>
| #endif
| #ifdef HAVE_STRINGS_H
| # include <strings.h>
| #endif
| #ifdef HAVE_INTTYPES_H
| # include <inttypes.h>
| #endif
| #ifdef HAVE_STDINT_H
| # include <stdint.h>
| #endif
| #ifdef HAVE_UNISTD_H
| # include <unistd.h>
| #endif
| #include <CL/cl.h>
configure:9802: result: no
configure:9802: checking CL/cl.h presence
configure:9802: gcc -E -pthread  conftest.c
conftest.c:35:19: fatal error: CL/cl.h: No such file or directory
compilation terminated.
configure:9802: $? = 1
configure: failed program was:
| /* confdefs.h */
| #define PACKAGE_NAME "ImageMagick"
| #define PACKAGE_TARNAME "ImageMagick"
| #define PACKAGE_VERSION "6.8.0-4"
| #define PACKAGE_STRING "ImageMagick 6.8.0-4"
| #define PACKAGE_BUGREPORT "http://www.imagemagick.org"
| #define PACKAGE_URL ""
| #define MAGICK_TARGET_CPU x86_64
| #define MAGICK_TARGET_VENDOR unknown
| #define MAGICK_TARGET_OS linux-gnu
| #define PACKAGE "ImageMagick"
| #define VERSION "6.8.0-4"
| #define STDC_HEADERS 1
| #define HAVE_SYS_TYPES_H 1
| #define HAVE_SYS_STAT_H 1
| #define HAVE_STDLIB_H 1
| #define HAVE_STRING_H 1
| #define HAVE_MEMORY_H 1
| #define HAVE_STRINGS_H 1
| #define HAVE_INTTYPES_H 1
| #define HAVE_STDINT_H 1
| #define HAVE_UNISTD_H 1
| #define __EXTENSIONS__ 1
| #define _ALL_SOURCE 1
| #define _GNU_SOURCE 1
| #define _POSIX_PTHREAD_SEMANTICS 1
| #define _TANDEM_SOURCE 1
| #define HAVE___ATTRIBUTE__ 1
| #define HAVE_PTHREAD_PRIO_INHERIT 1
| #define HAVE_PTHREAD 1
| #define THREAD_SUPPORT 1
| #define HAVE_PTHREAD_PRIO_INHERIT 1
| #define HAVE_PTHREAD 1
| /* end confdefs.h.  */
| #include <CL/cl.h>
configure:9802: result: no
configure:9802: checking for CL/cl.h
configure:9802: result: no
configure:9802: checking OpenCL/cl.h usability
configure:9802: gcc -std=gnu99 -std=gnu99 -c -fopenmp -g -O2 -Wall -pthread -pthread  conftest.c >&5
conftest.c:68:23: fatal error: OpenCL/cl.h: No such file or directory
compilation terminated.
configure:9802: $? = 1
configure: failed program was:
| /* confdefs.h */
| #define PACKAGE_NAME "ImageMagick"
| #define PACKAGE_TARNAME "ImageMagick"
| #define PACKAGE_VERSION "6.8.0-4"
| #define PACKAGE_STRING "ImageMagick 6.8.0-4"
| #define PACKAGE_BUGREPORT "http://www.imagemagick.org"
| #define PACKAGE_URL ""
| #define MAGICK_TARGET_CPU x86_64
| #define MAGICK_TARGET_VENDOR unknown
| #define MAGICK_TARGET_OS linux-gnu
| #define PACKAGE "ImageMagick"
| #define VERSION "6.8.0-4"
| #define STDC_HEADERS 1
| #define HAVE_SYS_TYPES_H 1
| #define HAVE_SYS_STAT_H 1
| #define HAVE_STDLIB_H 1
| #define HAVE_STRING_H 1
| #define HAVE_MEMORY_H 1
| #define HAVE_STRINGS_H 1
| #define HAVE_INTTYPES_H 1
| #define HAVE_STDINT_H 1
| #define HAVE_UNISTD_H 1
| #define __EXTENSIONS__ 1
| #define _ALL_SOURCE 1
| #define _GNU_SOURCE 1
| #define _POSIX_PTHREAD_SEMANTICS 1
| #define _TANDEM_SOURCE 1
| #define HAVE___ATTRIBUTE__ 1
| #define HAVE_PTHREAD_PRIO_INHERIT 1
| #define HAVE_PTHREAD 1
| #define THREAD_SUPPORT 1
| #define HAVE_PTHREAD_PRIO_INHERIT 1
| #define HAVE_PTHREAD 1
| /* end confdefs.h.  */
| #include <stdio.h>
| #ifdef HAVE_SYS_TYPES_H
| # include <sys/types.h>
| #endif
| #ifdef HAVE_SYS_STAT_H
| # include <sys/stat.h>
| #endif
| #ifdef STDC_HEADERS
| # include <stdlib.h>
| # include <stddef.h>
| #else
| # ifdef HAVE_STDLIB_H
| #  include <stdlib.h>
| # endif
| #endif
| #ifdef HAVE_STRING_H
| # if !defined STDC_HEADERS && defined HAVE_MEMORY_H
| #  include <memory.h>
| # endif
| # include <string.h>
| #endif
| #ifdef HAVE_STRINGS_H
| # include <strings.h>
| #endif
| #ifdef HAVE_INTTYPES_H
| # include <inttypes.h>
| #endif
| #ifdef HAVE_STDINT_H
| # include <stdint.h>
| #endif
| #ifdef HAVE_UNISTD_H
| # include <unistd.h>
| #endif
| #include <OpenCL/cl.h>
configure:9802: result: no
configure:9802: checking OpenCL/cl.h presence
configure:9802: gcc -E -pthread  conftest.c
conftest.c:35:23: fatal error: OpenCL/cl.h: No such file or directory
compilation terminated.
configure:9802: $? = 1
configure: failed program was:
| /* confdefs.h */
| #define PACKAGE_NAME "ImageMagick"
| #define PACKAGE_TARNAME "ImageMagick"
| #define PACKAGE_VERSION "6.8.0-4"
| #define PACKAGE_STRING "ImageMagick 6.8.0-4"
| #define PACKAGE_BUGREPORT "http://www.imagemagick.org"
| #define PACKAGE_URL ""
| #define MAGICK_TARGET_CPU x86_64
| #define MAGICK_TARGET_VENDOR unknown
| #define MAGICK_TARGET_OS linux-gnu
| #define PACKAGE "ImageMagick"
| #define VERSION "6.8.0-4"
| #define STDC_HEADERS 1
| #define HAVE_SYS_TYPES_H 1
| #define HAVE_SYS_STAT_H 1
| #define HAVE_STDLIB_H 1
| #define HAVE_STRING_H 1
| #define HAVE_MEMORY_H 1
| #define HAVE_STRINGS_H 1
| #define HAVE_INTTYPES_H 1
| #define HAVE_STDINT_H 1
| #define HAVE_UNISTD_H 1
| #define __EXTENSIONS__ 1
| #define _ALL_SOURCE 1
| #define _GNU_SOURCE 1
| #define _POSIX_PTHREAD_SEMANTICS 1
| #define _TANDEM_SOURCE 1
| #define HAVE___ATTRIBUTE__ 1
| #define HAVE_PTHREAD_PRIO_INHERIT 1
| #define HAVE_PTHREAD 1
| #define THREAD_SUPPORT 1
| #define HAVE_PTHREAD_PRIO_INHERIT 1
| #define HAVE_PTHREAD 1
| /* end confdefs.h.  */
| #include <OpenCL/cl.h>
configure:9802: result: no
configure:9802: checking for OpenCL/cl.h
configure:9802: result: no
configure:9816: checking windows.h usability
configure:9816: gcc -std=gnu99 -std=gnu99 -c -fopenmp -g -O2 -Wall -pthread  conftest.c >&5
conftest.c:68:21: fatal error: windows.h: No such file or directory
compilation terminated.
configure:9816: $? = 1
configure: failed program was:
| /* confdefs.h */
| #define PACKAGE_NAME "ImageMagick"
| #define PACKAGE_TARNAME "ImageMagick"
| #define PACKAGE_VERSION "6.8.0-4"
| #define PACKAGE_STRING "ImageMagick 6.8.0-4"
| #define PACKAGE_BUGREPORT "http://www.imagemagick.org"
| #define PACKAGE_URL ""
| #define MAGICK_TARGET_CPU x86_64
| #define MAGICK_TARGET_VENDOR unknown
| #define MAGICK_TARGET_OS linux-gnu
| #define PACKAGE "ImageMagick"
| #define VERSION "6.8.0-4"
| #define STDC_HEADERS 1
| #define HAVE_SYS_TYPES_H 1
| #define HAVE_SYS_STAT_H 1
| #define HAVE_STDLIB_H 1
| #define HAVE_STRING_H 1
| #define HAVE_MEMORY_H 1
| #define HAVE_STRINGS_H 1
| #define HAVE_INTTYPES_H 1
| #define HAVE_STDINT_H 1
| #define HAVE_UNISTD_H 1
| #define __EXTENSIONS__ 1
| #define _ALL_SOURCE 1
| #define _GNU_SOURCE 1
| #define _POSIX_PTHREAD_SEMANTICS 1
| #define _TANDEM_SOURCE 1
| #define HAVE___ATTRIBUTE__ 1
| #define HAVE_PTHREAD_PRIO_INHERIT 1
| #define HAVE_PTHREAD 1
| #define THREAD_SUPPORT 1
| #define HAVE_PTHREAD_PRIO_INHERIT 1
| #define HAVE_PTHREAD 1
| /* end confdefs.h.  */
| #include <stdio.h>
| #ifdef HAVE_SYS_TYPES_H
| # include <sys/types.h>
| #endif
| #ifdef HAVE_SYS_STAT_H
| # include <sys/stat.h>
| #endif
| #ifdef STDC_HEADERS
| # include <stdlib.h>
| # include <stddef.h>
| #else
| # ifdef HAVE_STDLIB_H
| #  include <stdlib.h>
| # endif
| #endif
| #ifdef HAVE_STRING_H
| # if !defined STDC_HEADERS && defined HAVE_MEMORY_H
| #  include <memory.h>
| # endif
| # include <string.h>
| #endif
| #ifdef HAVE_STRINGS_H
| # include <strings.h>
| #endif
| #ifdef HAVE_INTTYPES_H
| # include <inttypes.h>
| #endif
| #ifdef HAVE_STDINT_H
| # include <stdint.h>
| #endif
| #ifdef HAVE_UNISTD_H
| # include <unistd.h>
| #endif
| #include <windows.h>
configure:9816: result: no
configure:9816: checking windows.h presence
configure:9816: gcc -E  conftest.c
conftest.c:35:21: fatal error: windows.h: No such file or directory
compilation terminated.
configure:9816: $? = 1
configure: failed program was:
| /* confdefs.h */
| #define PACKAGE_NAME "ImageMagick"
| #define PACKAGE_TARNAME "ImageMagick"
| #define PACKAGE_VERSION "6.8.0-4"
| #define PACKAGE_STRING "ImageMagick 6.8.0-4"
| #define PACKAGE_BUGREPORT "http://www.imagemagick.org"
| #define PACKAGE_URL ""
| #define MAGICK_TARGET_CPU x86_64
| #define MAGICK_TARGET_VENDOR unknown
| #define MAGICK_TARGET_OS linux-gnu
| #define PACKAGE "ImageMagick"
| #define VERSION "6.8.0-4"
| #define STDC_HEADERS 1
| #define HAVE_SYS_TYPES_H 1
| #define HAVE_SYS_STAT_H 1
| #define HAVE_STDLIB_H 1
| #define HAVE_STRING_H 1
| #define HAVE_MEMORY_H 1
| #define HAVE_STRINGS_H 1
| #define HAVE_INTTYPES_H 1
| #define HAVE_STDINT_H 1
| #define HAVE_UNISTD_H 1
| #define __EXTENSIONS__ 1
| #define _ALL_SOURCE 1
| #define _GNU_SOURCE 1
| #define _POSIX_PTHREAD_SEMANTICS 1
| #define _TANDEM_SOURCE 1
| #define HAVE___ATTRIBUTE__ 1
| #define HAVE_PTHREAD_PRIO_INHERIT 1
| #define HAVE_PTHREAD 1
| #define THREAD_SUPPORT 1
| #define HAVE_PTHREAD_PRIO_INHERIT 1
| #define HAVE_PTHREAD 1
| /* end confdefs.h.  */
| #include <windows.h>
configure:9816: result: no
configure:9816: checking for windows.h
configure:9816: result: no
configure:9829: checking for OpenCL library
configure:9872: gcc -std=gnu99 -std=gnu99 -o conftest -fopenmp -g -O2 -Wall -pthread -pthread   conftest.c -lOpenCL  -lm  >&5
conftest.c:44:7: error: #error no CL.h
conftest.c: In function 'main':
conftest.c:49:1: warning: implicit declaration of function 'clCreateContextFromType' [-Wimplicit-function-declaration]
configure:9872: $? = 1
configure: failed program was:
| /* confdefs.h */
| #define PACKAGE_NAME "ImageMagick"
| #define PACKAGE_TARNAME "ImageMagick"
| #define PACKAGE_VERSION "6.8.0-4"
| #define PACKAGE_STRING "ImageMagick 6.8.0-4"
| #define PACKAGE_BUGREPORT "http://www.imagemagick.org"
| #define PACKAGE_URL ""
| #define MAGICK_TARGET_CPU x86_64
| #define MAGICK_TARGET_VENDOR unknown
| #define MAGICK_TARGET_OS linux-gnu
| #define PACKAGE "ImageMagick"
| #define VERSION "6.8.0-4"
| #define STDC_HEADERS 1
| #define HAVE_SYS_TYPES_H 1
| #define HAVE_SYS_STAT_H 1
| #define HAVE_STDLIB_H 1
| #define HAVE_STRING_H 1
| #define HAVE_MEMORY_H 1
| #define HAVE_STRINGS_H 1
| #define HAVE_INTTYPES_H 1
| #define HAVE_STDINT_H 1
| #define HAVE_UNISTD_H 1
| #define __EXTENSIONS__ 1
| #define _ALL_SOURCE 1
| #define _GNU_SOURCE 1
| #define _POSIX_PTHREAD_SEMANTICS 1
| #define _TANDEM_SOURCE 1
| #define HAVE___ATTRIBUTE__ 1
| #define HAVE_PTHREAD_PRIO_INHERIT 1
| #define HAVE_PTHREAD 1
| #define THREAD_SUPPORT 1
| #define HAVE_PTHREAD_PRIO_INHERIT 1
| #define HAVE_PTHREAD 1
| /* end confdefs.h.  */
| 
|   # if defined(HAVE_WINDOWS_H) && defined(_WIN32)
|   #   include <windows.h>
|   # endif
|   # ifdef HAVE_CL_CL_H
|   #   include <CL/cl.h>
|   # elif defined(HAVE_OPENCL_CL_H)
|   #   include <OpenCL/cl.h>
|   # else
|   #   error no CL.h
|   # endif
| int
| main ()
| {
| clCreateContextFromType(0,0,0,0,0)
|   ;
|   return 0;
| }
configure:9897: gcc -std=gnu99 -std=gnu99 -o conftest -fopenmp -g -O2 -Wall -pthread -pthread   conftest.c -lOpenCL -L/usr/lib64/nvidia  -lm  >&5
conftest.c:44:7: error: #error no CL.h
conftest.c: In function 'main':
conftest.c:49:1: warning: implicit declaration of function 'clCreateContextFromType' [-Wimplicit-function-declaration]
configure:9897: $? = 1
configure: failed program was:
| /* confdefs.h */
| #define PACKAGE_NAME "ImageMagick"
| #define PACKAGE_TARNAME "ImageMagick"
| #define PACKAGE_VERSION "6.8.0-4"
| #define PACKAGE_STRING "ImageMagick 6.8.0-4"
| #define PACKAGE_BUGREPORT "http://www.imagemagick.org"
| #define PACKAGE_URL ""
| #define MAGICK_TARGET_CPU x86_64
| #define MAGICK_TARGET_VENDOR unknown
| #define MAGICK_TARGET_OS linux-gnu
| #define PACKAGE "ImageMagick"
| #define VERSION "6.8.0-4"
| #define STDC_HEADERS 1
| #define HAVE_SYS_TYPES_H 1
| #define HAVE_SYS_STAT_H 1
| #define HAVE_STDLIB_H 1
| #define HAVE_STRING_H 1
| #define HAVE_MEMORY_H 1
| #define HAVE_STRINGS_H 1
| #define HAVE_INTTYPES_H 1
| #define HAVE_STDINT_H 1
| #define HAVE_UNISTD_H 1
| #define __EXTENSIONS__ 1
| #define _ALL_SOURCE 1
| #define _GNU_SOURCE 1
| #define _POSIX_PTHREAD_SEMANTICS 1
| #define _TANDEM_SOURCE 1
| #define HAVE___ATTRIBUTE__ 1
| #define HAVE_PTHREAD_PRIO_INHERIT 1
| #define HAVE_PTHREAD 1
| #define THREAD_SUPPORT 1
| #define HAVE_PTHREAD_PRIO_INHERIT 1
| #define HAVE_PTHREAD 1
| /* end confdefs.h.  */
| 
|   # if defined(HAVE_WINDOWS_H) && defined(_WIN32)
|   #   include <windows.h>
|   # endif
|   # ifdef HAVE_CL_CL_H
|   #   include <CL/cl.h>
|   # elif defined(HAVE_OPENCL_CL_H)
|   #   include <OpenCL/cl.h>
|   # else
|   #   error no CL.h
|   # endif
| int
| main ()
| {
| clCreateContextFromType(0,0,0,0,0)
|   ;
|   return 0;
| }
configure:9922: gcc -std=gnu99 -std=gnu99 -o conftest -fopenmp -g -O2 -Wall -pthread -pthread   conftest.c -lOpenCL -Wl,-framework,OpenCL -L/System/Library/Frameworks/OpenCL.framework/Versions/A/Libraries  -lm  >&5
conftest.c:44:7: error: #error no CL.h
conftest.c: In function 'main':
conftest.c:49:1: warning: implicit declaration of function 'clCreateContextFromType' [-Wimplicit-function-declaration]
configure:9922: $? = 1
configure: failed program was:
| /* confdefs.h */
| #define PACKAGE_NAME "ImageMagick"
| #define PACKAGE_TARNAME "ImageMagick"
| #define PACKAGE_VERSION "6.8.0-4"
| #define PACKAGE_STRING "ImageMagick 6.8.0-4"
| #define PACKAGE_BUGREPORT "http://www.imagemagick.org"
| #define PACKAGE_URL ""
| #define MAGICK_TARGET_CPU x86_64
| #define MAGICK_TARGET_VENDOR unknown
| #define MAGICK_TARGET_OS linux-gnu
| #define PACKAGE "ImageMagick"
| #define VERSION "6.8.0-4"
| #define STDC_HEADERS 1
| #define HAVE_SYS_TYPES_H 1
| #define HAVE_SYS_STAT_H 1
| #define HAVE_STDLIB_H 1
| #define HAVE_STRING_H 1
| #define HAVE_MEMORY_H 1
| #define HAVE_STRINGS_H 1
| #define HAVE_INTTYPES_H 1
| #define HAVE_STDINT_H 1
| #define HAVE_UNISTD_H 1
| #define __EXTENSIONS__ 1
| #define _ALL_SOURCE 1
| #define _GNU_SOURCE 1
| #define _POSIX_PTHREAD_SEMANTICS 1
| #define _TANDEM_SOURCE 1
| #define HAVE___ATTRIBUTE__ 1
| #define HAVE_PTHREAD_PRIO_INHERIT 1
| #define HAVE_PTHREAD 1
| #define THREAD_SUPPORT 1
| #define HAVE_PTHREAD_PRIO_INHERIT 1
| #define HAVE_PTHREAD 1
| /* end confdefs.h.  */
| 
|   # if defined(HAVE_WINDOWS_H) && defined(_WIN32)
|   #   include <windows.h>
|   # endif
|   # ifdef HAVE_CL_CL_H
|   #   include <CL/cl.h>
|   # elif defined(HAVE_OPENCL_CL_H)
|   #   include <OpenCL/cl.h>
|   # else
|   #   error no CL.h
|   # endif
| int
| main ()
| {
| clCreateContextFromType(0,0,0,0,0)
|   ;
|   return 0;
| }
configure:9872: gcc -std=gnu99 -std=gnu99 -o conftest -fopenmp -g -O2 -Wall -pthread -pthread   conftest.c -lCL  -lm  >&5
conftest.c:44:7: error: #error no CL.h
conftest.c: In function 'main':
conftest.c:49:1: warning: implicit declaration of function 'clCreateContextFromType' [-Wimplicit-function-declaration]
configure:9872: $? = 1
configure: failed program was:
| /* confdefs.h */
| #define PACKAGE_NAME "ImageMagick"
| #define PACKAGE_TARNAME "ImageMagick"
| #define PACKAGE_VERSION "6.8.0-4"
| #define PACKAGE_STRING "ImageMagick 6.8.0-4"
| #define PACKAGE_BUGREPORT "http://www.imagemagick.org"
| #define PACKAGE_URL ""
| #define MAGICK_TARGET_CPU x86_64
| #define MAGICK_TARGET_VENDOR unknown
| #define MAGICK_TARGET_OS linux-gnu
| #define PACKAGE "ImageMagick"
| #define VERSION "6.8.0-4"
| #define STDC_HEADERS 1
| #define HAVE_SYS_TYPES_H 1
| #define HAVE_SYS_STAT_H 1
| #define HAVE_STDLIB_H 1
| #define HAVE_STRING_H 1
| #define HAVE_MEMORY_H 1
| #define HAVE_STRINGS_H 1
| #define HAVE_INTTYPES_H 1
| #define HAVE_STDINT_H 1
| #define HAVE_UNISTD_H 1
| #define __EXTENSIONS__ 1
| #define _ALL_SOURCE 1
| #define _GNU_SOURCE 1
| #define _POSIX_PTHREAD_SEMANTICS 1
| #define _TANDEM_SOURCE 1
| #define HAVE___ATTRIBUTE__ 1
| #define HAVE_PTHREAD_PRIO_INHERIT 1
| #define HAVE_PTHREAD 1
| #define THREAD_SUPPORT 1
| #define HAVE_PTHREAD_PRIO_INHERIT 1
| #define HAVE_PTHREAD 1
| /* end confdefs.h.  */
| 
|   # if defined(HAVE_WINDOWS_H) && defined(_WIN32)
|   #   include <windows.h>
|   # endif
|   # ifdef HAVE_CL_CL_H
|   #   include <CL/cl.h>
|   # elif defined(HAVE_OPENCL_CL_H)
|   #   include <OpenCL/cl.h>
|   # else
|   #   error no CL.h
|   # endif
| int
| main ()
| {
| clCreateContextFromType(0,0,0,0,0)
|   ;
|   return 0;
| }
configure:9897: gcc -std=gnu99 -std=gnu99 -o conftest -fopenmp -g -O2 -Wall -pthread -pthread   conftest.c -lCL -L/usr/lib64/nvidia  -lm  >&5
conftest.c:44:7: error: #error no CL.h
conftest.c: In function 'main':
conftest.c:49:1: warning: implicit declaration of function 'clCreateContextFromType' [-Wimplicit-function-declaration]
configure:9897: $? = 1
configure: failed program was:
| /* confdefs.h */
| #define PACKAGE_NAME "ImageMagick"
| #define PACKAGE_TARNAME "ImageMagick"
| #define PACKAGE_VERSION "6.8.0-4"
| #define PACKAGE_STRING "ImageMagick 6.8.0-4"
| #define PACKAGE_BUGREPORT "http://www.imagemagick.org"
| #define PACKAGE_URL ""
| #define MAGICK_TARGET_CPU x86_64
| #define MAGICK_TARGET_VENDOR unknown
| #define MAGICK_TARGET_OS linux-gnu
| #define PACKAGE "ImageMagick"
| #define VERSION "6.8.0-4"
| #define STDC_HEADERS 1
| #define HAVE_SYS_TYPES_H 1
| #define HAVE_SYS_STAT_H 1
| #define HAVE_STDLIB_H 1
| #define HAVE_STRING_H 1
| #define HAVE_MEMORY_H 1
| #define HAVE_STRINGS_H 1
| #define HAVE_INTTYPES_H 1
| #define HAVE_STDINT_H 1
| #define HAVE_UNISTD_H 1
| #define __EXTENSIONS__ 1
| #define _ALL_SOURCE 1
| #define _GNU_SOURCE 1
| #define _POSIX_PTHREAD_SEMANTICS 1
| #define _TANDEM_SOURCE 1
| #define HAVE___ATTRIBUTE__ 1
| #define HAVE_PTHREAD_PRIO_INHERIT 1
| #define HAVE_PTHREAD 1
| #define THREAD_SUPPORT 1
| #define HAVE_PTHREAD_PRIO_INHERIT 1
| #define HAVE_PTHREAD 1
| /* end confdefs.h.  */
| 
|   # if defined(HAVE_WINDOWS_H) && defined(_WIN32)
|   #   include <windows.h>
|   # endif
|   # ifdef HAVE_CL_CL_H
|   #   include <CL/cl.h>
|   # elif defined(HAVE_OPENCL_CL_H)
|   #   include <OpenCL/cl.h>
|   # else
|   #   error no CL.h
|   # endif
| int
| main ()
| {
| clCreateContextFromType(0,0,0,0,0)
|   ;
|   return 0;
| }
configure:9922: gcc -std=gnu99 -std=gnu99 -o conftest -fopenmp -g -O2 -Wall -pthread -pthread   conftest.c -lCL -Wl,-framework,OpenCL -L/System/Library/Frameworks/OpenCL.framework/Versions/A/Libraries  -lm  >&5
conftest.c:44:7: error: #error no CL.h
conftest.c: In function 'main':
conftest.c:49:1: warning: implicit declaration of function 'clCreateContextFromType' [-Wimplicit-function-declaration]
configure:9922: $? = 1
configure: failed program was:
| /* confdefs.h */
| #define PACKAGE_NAME "ImageMagick"
| #define PACKAGE_TARNAME "ImageMagick"
| #define PACKAGE_VERSION "6.8.0-4"
| #define PACKAGE_STRING "ImageMagick 6.8.0-4"
| #define PACKAGE_BUGREPORT "http://www.imagemagick.org"
| #define PACKAGE_URL ""
| #define MAGICK_TARGET_CPU x86_64
| #define MAGICK_TARGET_VENDOR unknown
| #define MAGICK_TARGET_OS linux-gnu
| #define PACKAGE "ImageMagick"
| #define VERSION "6.8.0-4"
| #define STDC_HEADERS 1
| #define HAVE_SYS_TYPES_H 1
| #define HAVE_SYS_STAT_H 1
| #define HAVE_STDLIB_H 1
| #define HAVE_STRING_H 1
| #define HAVE_MEMORY_H 1
| #define HAVE_STRINGS_H 1
| #define HAVE_INTTYPES_H 1
| #define HAVE_STDINT_H 1
| #define HAVE_UNISTD_H 1
| #define __EXTENSIONS__ 1
| #define _ALL_SOURCE 1
| #define _GNU_SOURCE 1
| #define _POSIX_PTHREAD_SEMANTICS 1
| #define _TANDEM_SOURCE 1
| #define HAVE___ATTRIBUTE__ 1
| #define HAVE_PTHREAD_PRIO_INHERIT 1
| #define HAVE_PTHREAD 1
| #define THREAD_SUPPORT 1
| #define HAVE_PTHREAD_PRIO_INHERIT 1
| #define HAVE_PTHREAD 1
| /* end confdefs.h.  */
| 
|   # if defined(HAVE_WINDOWS_H) && defined(_WIN32)
|   #   include <windows.h>
|   # endif
|   # ifdef HAVE_CL_CL_H
|   #   include <CL/cl.h>
|   # elif defined(HAVE_OPENCL_CL_H)
|   #   include <OpenCL/cl.h>
|   # else
|   #   error no CL.h
|   # endif
| int
| main ()
| {
| clCreateContextFromType(0,0,0,0,0)
|   ;
|   return 0;
| }
configure:9872: gcc -std=gnu99 -std=gnu99 -o conftest -fopenmp -g -O2 -Wall -pthread -pthread   conftest.c -lclparser  -lm  >&5
conftest.c:44:7: error: #error no CL.h
conftest.c: In function 'main':
conftest.c:49:1: warning: implicit declaration of function 'clCreateContextFromType' [-Wimplicit-function-declaration]
configure:9872: $? = 1
configure: failed program was:
| /* confdefs.h */
| #define PACKAGE_NAME "ImageMagick"
| #define PACKAGE_TARNAME "ImageMagick"
| #define PACKAGE_VERSION "6.8.0-4"
| #define PACKAGE_STRING "ImageMagick 6.8.0-4"
| #define PACKAGE_BUGREPORT "http://www.imagemagick.org"
| #define PACKAGE_URL ""
| #define MAGICK_TARGET_CPU x86_64
| #define MAGICK_TARGET_VENDOR unknown
| #define MAGICK_TARGET_OS linux-gnu
| #define PACKAGE "ImageMagick"
| #define VERSION "6.8.0-4"
| #define STDC_HEADERS 1
| #define HAVE_SYS_TYPES_H 1
| #define HAVE_SYS_STAT_H 1
| #define HAVE_STDLIB_H 1
| #define HAVE_STRING_H 1
| #define HAVE_MEMORY_H 1
| #define HAVE_STRINGS_H 1
| #define HAVE_INTTYPES_H 1
| #define HAVE_STDINT_H 1
| #define HAVE_UNISTD_H 1
| #define __EXTENSIONS__ 1
| #define _ALL_SOURCE 1
| #define _GNU_SOURCE 1
| #define _POSIX_PTHREAD_SEMANTICS 1
| #define _TANDEM_SOURCE 1
| #define HAVE___ATTRIBUTE__ 1
| #define HAVE_PTHREAD_PRIO_INHERIT 1
| #define HAVE_PTHREAD 1
| #define THREAD_SUPPORT 1
| #define HAVE_PTHREAD_PRIO_INHERIT 1
| #define HAVE_PTHREAD 1
| /* end confdefs.h.  */
| 
|   # if defined(HAVE_WINDOWS_H) && defined(_WIN32)
|   #   include <windows.h>
|   # endif
|   # ifdef HAVE_CL_CL_H
|   #   include <CL/cl.h>
|   # elif defined(HAVE_OPENCL_CL_H)
|   #   include <OpenCL/cl.h>
|   # else
|   #   error no CL.h
|   # endif
| int
| main ()
| {
| clCreateContextFromType(0,0,0,0,0)
|   ;
|   return 0;
| }
configure:9897: gcc -std=gnu99 -std=gnu99 -o conftest -fopenmp -g -O2 -Wall -pthread -pthread   conftest.c -lclparser -L/usr/lib64/nvidia  -lm  >&5
conftest.c:44:7: error: #error no CL.h
conftest.c: In function 'main':
conftest.c:49:1: warning: implicit declaration of function 'clCreateContextFromType' [-Wimplicit-function-declaration]
configure:9897: $? = 1
configure: failed program was:
| /* confdefs.h */
| #define PACKAGE_NAME "ImageMagick"
| #define PACKAGE_TARNAME "ImageMagick"
| #define PACKAGE_VERSION "6.8.0-4"
| #define PACKAGE_STRING "ImageMagick 6.8.0-4"
| #define PACKAGE_BUGREPORT "http://www.imagemagick.org"
| #define PACKAGE_URL ""
| #define MAGICK_TARGET_CPU x86_64
| #define MAGICK_TARGET_VENDOR unknown
| #define MAGICK_TARGET_OS linux-gnu
| #define PACKAGE "ImageMagick"
| #define VERSION "6.8.0-4"
| #define STDC_HEADERS 1
| #define HAVE_SYS_TYPES_H 1
| #define HAVE_SYS_STAT_H 1
| #define HAVE_STDLIB_H 1
| #define HAVE_STRING_H 1
| #define HAVE_MEMORY_H 1
| #define HAVE_STRINGS_H 1
| #define HAVE_INTTYPES_H 1
| #define HAVE_STDINT_H 1
| #define HAVE_UNISTD_H 1
| #define __EXTENSIONS__ 1
| #define _ALL_SOURCE 1
| #define _GNU_SOURCE 1
| #define _POSIX_PTHREAD_SEMANTICS 1
| #define _TANDEM_SOURCE 1
| #define HAVE___ATTRIBUTE__ 1
| #define HAVE_PTHREAD_PRIO_INHERIT 1
| #define HAVE_PTHREAD 1
| #define THREAD_SUPPORT 1
| #define HAVE_PTHREAD_PRIO_INHERIT 1
| #define HAVE_PTHREAD 1
| /* end confdefs.h.  */
| 
|   # if defined(HAVE_WINDOWS_H) && defined(_WIN32)
|   #   include <windows.h>
|   # endif
|   # ifdef HAVE_CL_CL_H
|   #   include <CL/cl.h>
|   # elif defined(HAVE_OPENCL_CL_H)
|   #   include <OpenCL/cl.h>
|   # else
|   #   error no CL.h
|   # endif
| int
| main ()
| {
| clCreateContextFromType(0,0,0,0,0)
|   ;
|   return 0;
| }
configure:9922: gcc -std=gnu99 -std=gnu99 -o conftest -fopenmp -g -O2 -Wall -pthread -pthread   conftest.c -lclparser -Wl,-framework,OpenCL -L/System/Library/Frameworks/OpenCL.framework/Versions/A/Libraries  -lm  >&5
conftest.c:44:7: error: #error no CL.h
conftest.c: In function 'main':
conftest.c:49:1: warning: implicit declaration of function 'clCreateContextFromType' [-Wimplicit-function-declaration]
configure:9922: $? = 1
configure: failed program was:
| /* confdefs.h */
| #define PACKAGE_NAME "ImageMagick"
| #define PACKAGE_TARNAME "ImageMagick"
| #define PACKAGE_VERSION "6.8.0-4"
| #define PACKAGE_STRING "ImageMagick 6.8.0-4"
| #define PACKAGE_BUGREPORT "http://www.imagemagick.org"
| #define PACKAGE_URL ""
| #define MAGICK_TARGET_CPU x86_64
| #define MAGICK_TARGET_VENDOR unknown
| #define MAGICK_TARGET_OS linux-gnu
| #define PACKAGE "ImageMagick"
| #define VERSION "6.8.0-4"
| #define STDC_HEADERS 1
| #define HAVE_SYS_TYPES_H 1
| #define HAVE_SYS_STAT_H 1
| #define HAVE_STDLIB_H 1
| #define HAVE_STRING_H 1
| #define HAVE_MEMORY_H 1
| #define HAVE_STRINGS_H 1
| #define HAVE_INTTYPES_H 1
| #define HAVE_STDINT_H 1
| #define HAVE_UNISTD_H 1
| #define __EXTENSIONS__ 1
| #define _ALL_SOURCE 1
| #define _GNU_SOURCE 1
| #define _POSIX_PTHREAD_SEMANTICS 1
| #define _TANDEM_SOURCE 1
| #define HAVE___ATTRIBUTE__ 1
| #define HAVE_PTHREAD_PRIO_INHERIT 1
| #define HAVE_PTHREAD 1
| #define THREAD_SUPPORT 1
| #define HAVE_PTHREAD_PRIO_INHERIT 1
| #define HAVE_PTHREAD 1
| /* end confdefs.h.  */
| 
|   # if defined(HAVE_WINDOWS_H) && defined(_WIN32)
|   #   include <windows.h>
|   # endif
|   # ifdef HAVE_CL_CL_H
|   #   include <CL/cl.h>
|   # elif defined(HAVE_OPENCL_CL_H)
|   #   include <OpenCL/cl.h>
|   # else
|   #   error no CL.h
|   # endif
| int
| main ()
| {
| clCreateContextFromType(0,0,0,0,0)
|   ;
|   return 0;
| }
configure:9958: gcc -std=gnu99 -std=gnu99 -o conftest -fopenmp -g -O2 -Wall -pthread -pthread   conftest.c -Wl,-framework,OpenCL >&5
conftest.c:44:7: error: #error no CL.h
conftest.c: In function 'main':
conftest.c:49:1: warning: implicit declaration of function 'clCreateContextFromType' [-Wimplicit-function-declaration]
configure:9958: $? = 1
configure: failed program was:
| /* confdefs.h */
| #define PACKAGE_NAME "ImageMagick"
| #define PACKAGE_TARNAME "ImageMagick"
| #define PACKAGE_VERSION "6.8.0-4"
| #define PACKAGE_STRING "ImageMagick 6.8.0-4"
| #define PACKAGE_BUGREPORT "http://www.imagemagick.org"
| #define PACKAGE_URL ""
| #define MAGICK_TARGET_CPU x86_64
| #define MAGICK_TARGET_VENDOR unknown
| #define MAGICK_TARGET_OS linux-gnu
| #define PACKAGE "ImageMagick"
| #define VERSION "6.8.0-4"
| #define STDC_HEADERS 1
| #define HAVE_SYS_TYPES_H 1
| #define HAVE_SYS_STAT_H 1
| #define HAVE_STDLIB_H 1
| #define HAVE_STRING_H 1
| #define HAVE_MEMORY_H 1
| #define HAVE_STRINGS_H 1
| #define HAVE_INTTYPES_H 1
| #define HAVE_STDINT_H 1
| #define HAVE_UNISTD_H 1
| #define __EXTENSIONS__ 1
| #define _ALL_SOURCE 1
| #define _GNU_SOURCE 1
| #define _POSIX_PTHREAD_SEMANTICS 1
| #define _TANDEM_SOURCE 1
| #define HAVE___ATTRIBUTE__ 1
| #define HAVE_PTHREAD_PRIO_INHERIT 1
| #define HAVE_PTHREAD 1
| #define THREAD_SUPPORT 1
| #define HAVE_PTHREAD_PRIO_INHERIT 1
| #define HAVE_PTHREAD 1
| /* end confdefs.h.  */
| 
|   # if defined(HAVE_WINDOWS_H) && defined(_WIN32)
|   #   include <windows.h>
|   # endif
|   # ifdef HAVE_CL_CL_H
|   #   include <CL/cl.h>
|   # elif defined(HAVE_OPENCL_CL_H)
|   #   include <OpenCL/cl.h>
|   # else
|   #   error no CL.h
|   # endif
| int
| main ()
| {
| clCreateContextFromType(0,0,0,0,0)
|   ;
|   return 0;
| }
configure:9968: result: no
configure:10010: checking for special C compiler options needed for large files
configure:10055: result: no
configure:10061: checking for _FILE_OFFSET_BITS value needed for large files
configure:10086: gcc -std=gnu99 -std=gnu99 -c  -fopenmp -g -O2 -Wall -pthread  conftest.c >&5
configure:10086: $? = 0
configure:10118: result: no
configure:10203: checking for _LARGEFILE_SOURCE value needed for large files
configure:10222: gcc -std=gnu99 -std=gnu99 -o conftest  -fopenmp -g -O2 -Wall -pthread   conftest.c   >&5
configure:10222: $? = 0
configure:10250: result: no
configure:10374: checking for BSD- or MS-compatible name lister (nm)
configure:10423: result: /usr/bin/nm -B
configure:10553: checking the name lister (/usr/bin/nm -B) interface
configure:10560: gcc -std=gnu99 -std=gnu99 -c  -fopenmp -g -O2 -Wall -pthread  conftest.c >&5
configure:10563: /usr/bin/nm -B "conftest.o"
configure:10566: output
0000000000000000 B some_variable
configure:10573: result: BSD nm
configure:10577: checking the maximum length of command line arguments
configure:10707: result: 3458764513820540925
configure:10724: checking whether the shell understands some XSI constructs
configure:10734: result: yes
configure:10738: checking whether the shell understands "+="
configure:10744: result: yes
configure:10779: checking how to convert x86_64-unknown-linux-gnu file names to x86_64-unknown-linux-gnu format
configure:10819: result: func_convert_file_noop
configure:10826: checking how to convert x86_64-unknown-linux-gnu file names to toolchain format
configure:10846: result: func_convert_file_noop
configure:10853: checking for /usr/bin/ld option to reload object files
configure:10860: result: -r
configure:10934: checking for objdump
configure:10950: found /usr/bin/objdump
configure:10961: result: objdump
configure:10990: checking how to recognize dependent libraries
configure:11192: result: pass_all
configure:11277: checking for dlltool
configure:11307: result: no
configure:11334: checking how to associate runtime and link libraries
configure:11361: result: printf %s\n
configure:11421: checking for ar
configure:11437: found /usr/bin/ar
configure:11448: result: ar
configure:11485: checking for archiver @FILE support
configure:11502: gcc -std=gnu99 -std=gnu99 -c  -fopenmp -g -O2 -Wall -pthread  conftest.c >&5
configure:11502: $? = 0
configure:11505: ar cru libconftest.a @conftest.lst >&5
configure:11508: $? = 0
configure:11513: ar cru libconftest.a @conftest.lst >&5
ar: conftest.o: No such file or directory
configure:11516: $? = 1
configure:11528: result: @
configure:11586: checking for strip
configure:11602: found /usr/bin/strip
configure:11613: result: strip
configure:11685: checking for ranlib
configure:11701: found /usr/bin/ranlib
configure:11712: result: ranlib
configure:11814: checking command to parse /usr/bin/nm -B output from gcc -std=gnu99 -std=gnu99 object
configure:11934: gcc -std=gnu99 -std=gnu99 -c  -fopenmp -g -O2 -Wall -pthread  conftest.c >&5
configure:11937: $? = 0
configure:11941: /usr/bin/nm -B conftest.o \| sed -n -e 's/^.*[ ]\([ABCDGIRSTW][ABCDGIRSTW]*\)[ ][ ]*\([_A-Za-z][_A-Za-z0-9]*\)$/\1 \2 \2/p' | sed '/ __gnu_lto/d' \> conftest.nm
configure:11944: $? = 0

## ---------------- ##
## Cache variables. ##
## ---------------- ##

ac_cv_build=x86_64-unknown-linux-gnu
ac_cv_c_compiler_gnu=yes
ac_cv_cflags_warn_all=-Wall
ac_cv_cxx_compiler_gnu=yes
ac_cv_env_AUTOTRACE_CFLAGS_set=
ac_cv_env_AUTOTRACE_CFLAGS_value=
ac_cv_env_AUTOTRACE_LIBS_set=
ac_cv_env_AUTOTRACE_LIBS_value=
ac_cv_env_CAIRO_SVG_CFLAGS_set=
ac_cv_env_CAIRO_SVG_CFLAGS_value=
ac_cv_env_CAIRO_SVG_LIBS_set=
ac_cv_env_CAIRO_SVG_LIBS_value=
ac_cv_env_CCC_set=
ac_cv_env_CCC_value=
ac_cv_env_CC_set=
ac_cv_env_CC_value=
ac_cv_env_CFLAGS_set=
ac_cv_env_CFLAGS_value=
ac_cv_env_CPPFLAGS_set=
ac_cv_env_CPPFLAGS_value=
ac_cv_env_CPP_set=
ac_cv_env_CPP_value=
ac_cv_env_CXXCPP_set=
ac_cv_env_CXXCPP_value=
ac_cv_env_CXXFLAGS_set=
ac_cv_env_CXXFLAGS_value=
ac_cv_env_CXX_set=
ac_cv_env_CXX_value=
ac_cv_env_FONTCONFIG_CFLAGS_set=
ac_cv_env_FONTCONFIG_CFLAGS_value=
ac_cv_env_FONTCONFIG_LIBS_set=
ac_cv_env_FONTCONFIG_LIBS_value=
ac_cv_env_GVC_CFLAGS_set=
ac_cv_env_GVC_CFLAGS_value=
ac_cv_env_GVC_LIBS_set=
ac_cv_env_GVC_LIBS_value=
ac_cv_env_LDFLAGS_set=
ac_cv_env_LDFLAGS_value=
ac_cv_env_LIBS_set=
ac_cv_env_LIBS_value=
ac_cv_env_LQR_CFLAGS_set=
ac_cv_env_LQR_CFLAGS_value=
ac_cv_env_LQR_LIBS_set=
ac_cv_env_LQR_LIBS_value=
ac_cv_env_LZMA_CFLAGS_set=
ac_cv_env_LZMA_CFLAGS_value=
ac_cv_env_LZMA_LIBS_set=
ac_cv_env_LZMA_LIBS_value=
ac_cv_env_OPENEXR_CFLAGS_set=
ac_cv_env_OPENEXR_CFLAGS_value=
ac_cv_env_OPENEXR_LIBS_set=
ac_cv_env_OPENEXR_LIBS_value=
ac_cv_env_PANGO_CFLAGS_set=
ac_cv_env_PANGO_CFLAGS_value=
ac_cv_env_PANGO_LIBS_set=
ac_cv_env_PANGO_LIBS_value=
ac_cv_env_PKG_CONFIG_set=
ac_cv_env_PKG_CONFIG_value=
ac_cv_env_RSVG_CFLAGS_set=
ac_cv_env_RSVG_CFLAGS_value=
ac_cv_env_RSVG_LIBS_set=
ac_cv_env_RSVG_LIBS_value=
ac_cv_env_XMKMF_set=
ac_cv_env_XMKMF_value=
ac_cv_env_build_alias_set=
ac_cv_env_build_alias_value=
ac_cv_env_host_alias_set=
ac_cv_env_host_alias_value=
ac_cv_env_target_alias_set=
ac_cv_env_target_alias_value=
ac_cv_header_CL_cl_h=no
ac_cv_header_OpenCL_cl_h=no
ac_cv_header_inttypes_h=yes
ac_cv_header_memory_h=yes
ac_cv_header_minix_config_h=no
ac_cv_header_stdc=yes
ac_cv_header_stdint_h=yes
ac_cv_header_stdlib_h=yes
ac_cv_header_string_h=yes
ac_cv_header_strings_h=yes
ac_cv_header_sys_stat_h=yes
ac_cv_header_sys_types_h=yes
ac_cv_header_unistd_h=yes
ac_cv_header_windows_h=no
ac_cv_host=x86_64-unknown-linux-gnu
ac_cv_objext=o
ac_cv_path_EGREP='/bin/grep -E'
ac_cv_path_FGREP='/bin/grep -F'
ac_cv_path_GREP=/bin/grep
ac_cv_path_SED=/bin/sed
ac_cv_path_ac_pt_PKG_CONFIG=/usr/bin/pkg-config
ac_cv_path_install='/usr/bin/install -c'
ac_cv_path_mkdir=/bin/mkdir
ac_cv_prog_AWK=mawk
ac_cv_prog_CPP='gcc -E'
ac_cv_prog_ac_ct_AR=ar
ac_cv_prog_ac_ct_CC=gcc
ac_cv_prog_ac_ct_CXX=g++
ac_cv_prog_ac_ct_OBJDUMP=objdump
ac_cv_prog_ac_ct_RANLIB=ranlib
ac_cv_prog_ac_ct_STRIP=strip
ac_cv_prog_c_openmp=-fopenmp
ac_cv_prog_cc_c89=
ac_cv_prog_cc_c99=-std=gnu99
ac_cv_prog_cc_g=yes
ac_cv_prog_cc_gcc_c_o=yes
ac_cv_prog_cc_stdc=-std=gnu99
ac_cv_prog_cxx_g=yes
ac_cv_prog_make_make_set=yes
ac_cv_safe_to_define___extensions__=yes
ac_cv_sys_file_offset_bits=no
ac_cv_sys_largefile_CC=no
ac_cv_sys_largefile_source=no
ac_cv_target=x86_64-unknown-linux-gnu
am_cv_CC_dependencies_compiler_type=gcc3
am_cv_CXX_dependencies_compiler_type=gcc3
am_cv_make_support_nested_variables=yes
ax_cv_PTHREAD_PRIO_INHERIT=yes
ax_cv___attribute__=yes
ax_cv_c_compiler_ms=no
ax_cv_c_compiler_vendor=gnu
ax_cv_check_cl_libcl=no
ax_cv_gcc_archflag=unknown
im_cv_ld_lazyload=none
lt_cv_ar_at_file=@
lt_cv_deplibs_check_method=pass_all
lt_cv_file_magic_cmd='$MAGIC_CMD'
lt_cv_file_magic_test_file=
lt_cv_ld_reload_flag=-r
lt_cv_nm_interface='BSD nm'
lt_cv_path_LD=/usr/bin/ld
lt_cv_path_NM='/usr/bin/nm -B'
lt_cv_prog_gnu_ld=yes
lt_cv_sharedlib_from_linklib_cmd='printf %s\n'
lt_cv_sys_global_symbol_pipe='sed -n -e '\''s/^.*[	 ]\([ABCDGIRSTW][ABCDGIRSTW]*\)[	 ][	 ]*\([_A-Za-z][_A-Za-z0-9]*\)$/\1 \2 \2/p'\'' | sed '\''/ __gnu_lto/d'\'''
lt_cv_sys_global_symbol_to_c_name_address='sed -n -e '\''s/^: \([^ ]*\)[ ]*$/  {\"\1\", (void *) 0},/p'\'' -e '\''s/^[ABCDGIRSTW]* \([^ ]*\) \([^ ]*\)$/  {"\2", (void *) \&\2},/p'\'''
lt_cv_sys_global_symbol_to_c_name_address_lib_prefix='sed -n -e '\''s/^: \([^ ]*\)[ ]*$/  {\"\1\", (void *) 0},/p'\'' -e '\''s/^[ABCDGIRSTW]* \([^ ]*\) \(lib[^ ]*\)$/  {"\2", (void *) \&\2},/p'\'' -e '\''s/^[ABCDGIRSTW]* \([^ ]*\) \([^ ]*\)$/  {"lib\2", (void *) \&\2},/p'\'''
lt_cv_sys_global_symbol_to_cdecl='sed -n -e '\''s/^T .* \(.*\)$/extern int \1();/p'\'' -e '\''s/^[ABCDGIRSTW]* .* \(.*\)$/extern char \1;/p'\'''
lt_cv_sys_max_cmd_len=3458764513820540925
lt_cv_to_host_file_cmd=func_convert_file_noop
lt_cv_to_tool_file_cmd=func_convert_file_noop

## ----------------- ##
## Output variables. ##
## ----------------- ##

ACLOCAL='${SHELL} /tmp/icehockey/ImageMagick-6.8.0-4/config/missing --run aclocal-1.12'
AMDEPBACKSLASH='\'
AMDEP_FALSE='#'
AMDEP_TRUE=''
AMTAR='$${TAR-tar}'
AM_BACKSLASH='\'
AM_DEFAULT_V='$(AM_DEFAULT_VERBOSITY)'
AM_DEFAULT_VERBOSITY='0'
AM_V='$(V)'
AR='ar'
AS=''
AUTOCONF='${SHELL} /tmp/icehockey/ImageMagick-6.8.0-4/config/missing --run autoconf'
AUTOHEADER='${SHELL} /tmp/icehockey/ImageMagick-6.8.0-4/config/missing --run autoheader'
AUTOMAKE='${SHELL} /tmp/icehockey/ImageMagick-6.8.0-4/config/missing --run automake-1.12'
AUTOTRACE_CFLAGS=''
AUTOTRACE_DELEGATE_FALSE=''
AUTOTRACE_DELEGATE_TRUE=''
AUTOTRACE_LIBS=''
AWK='mawk'
AutotraceDecodeDelegate=''
BIN_DIR='/usr/local/bin'
BZIPDelegate=''
BZLIB_DELEGATE_FALSE=''
BZLIB_DELEGATE_TRUE=''
BZLIB_LIBS=''
BlenderDecodeDelegate=''
BrowseDelegate=''
CAIRO_DELEGATE_FALSE=''
CAIRO_DELEGATE_TRUE=''
CAIRO_SVG_CFLAGS=''
CAIRO_SVG_LIBS=''
CC='gcc -std=gnu99 -std=gnu99'
CCDEPMODE='depmode=gcc3'
CCMALLOCDelegate=''
CFLAGS=' -fopenmp -g -O2 -Wall -pthread'
CGMDecodeDelegate=''
CL_CFLAGS=''
CL_LIBS=''
CODER_PATH=''
CONFIGURE_ARGS='./configure '
CONFIGURE_PATH=''
CONFIG_STATUS_DEPENDENCIES='$(top_srcdir)/version.sh'
CPP='gcc -E'
CPPFLAGS=''
CXX='g++'
CXXCPP=''
CXXDEPMODE='depmode=gcc3'
CXXFLAGS='-g -O2 -pthread'
CYGPATH_W='echo'
CYGWIN_BUILD_FALSE=''
CYGWIN_BUILD_TRUE='#'
CatDelegate=''
ConvertDelegate=''
DATA_DIR='/usr/local/share'
DEFS=''
DELEGATES=''
DEPDIR='.deps'
DIRSEP=':'
DISTCHECK_CONFIG_FLAGS=''
DJVU_DELEGATE_FALSE=''
DJVU_DELEGATE_TRUE=''
DJVU_LIBS=''
DLLTOOL='false'
DNGDecodeDelegate=''
DOCUMENTATION_PATH=''
DOC_DIR='/usr/local/share/doc'
DPS_DELEGATE_FALSE=''
DPS_DELEGATE_TRUE=''
DPS_LIBS=''
DSYMUTIL=''
DUMPBIN=''
DVIDecodeDelegate=''
DisplayDelegate=''
ECHO_C=''
ECHO_N='-n'
ECHO_T=''
EGREP='/bin/grep -E'
EXECUTABLE_PATH=''
EXEC_PREFIX_DIR='/usr/local'
EXEEXT=''
EchoDelegate=''
EditorDelegate=''
FFTW_DELEGATE_FALSE=''
FFTW_DELEGATE_TRUE=''
FFTW_LIBS=''
FGREP='/bin/grep -F'
FIGDecodeDelegate=''
FILTER_PATH=''
FONTCONFIG_CFLAGS=''
FONTCONFIG_DELEGATE_FALSE=''
FONTCONFIG_DELEGATE_TRUE=''
FONTCONFIG_LIBS=''
FPX_DELEGATE_FALSE=''
FPX_DELEGATE_TRUE=''
FPX_LIBS=''
FREETYPE_DELEGATE_FALSE=''
FREETYPE_DELEGATE_TRUE=''
FREETYPE_LIBS=''
GDI32_LIBS=''
GOMP_LIBS=''
GREP='/bin/grep'
GSAlphaDevice=''
GSCMYKDevice=''
GSColorDevice=''
GSEPSDevice=''
GSMonoDevice=''
GSPDFDevice=''
GSPSDevice=''
GSVersion=''
GS_DELEGATE_FALSE=''
GS_DELEGATE_TRUE=''
GS_LIBS=''
GVCDecodeDelegate=''
GVC_CFLAGS=''
GVC_DELEGATE_FALSE=''
GVC_DELEGATE_TRUE=''
GVC_LIBS=''
GnuplotDecodeDelegate=''
HPGLDecodeDelegate=''
HTMLDecodeDelegate=''
HasUMEM_FALSE=''
HasUMEM_TRUE=''
ILBMDecodeDelegate=''
ILBMEncodeDelegate=''
INCLUDEARCH_DIR='/usr/local/include'
INCLUDE_DIR='/usr/local/include'
INCLUDE_PATH=''
INFO_DIR='/usr/local/share/info'
INSTALL_DATA='${INSTALL} -m 644'
INSTALL_PROGRAM='${INSTALL}'
INSTALL_SCRIPT='${INSTALL}'
INSTALL_STRIP_PROGRAM='$(install_sh) -c -s'
INT16_T=''
INT32_F=''
INT32_T=''
INT64_F=''
INT64_T=''
INT8_T=''
JBIG_DELEGATE_FALSE=''
JBIG_DELEGATE_TRUE=''
JBIG_LIBS=''
JP2_DELEGATE_FALSE=''
JP2_DELEGATE_TRUE=''
JP2_LIBS=''
JPEG_DELEGATE_FALSE=''
JPEG_DELEGATE_TRUE=''
JPEG_LIBS=''
LCMS_DELEGATE_FALSE=''
LCMS_DELEGATE_TRUE=''
LCMS_LIBS=''
LD='/usr/bin/ld'
LDFLAGS=''
LFS_CPPFLAGS=' -D_LARGE_FILES=1'
LIBEXEC_DIR='/usr/local/libexec'
LIBOBJS=''
LIBRARY_EXTRA_CPPFLAGS=''
LIBRARY_PATH=''
LIBS=' '
LIBSTDCLDFLAGS=''
LIBTOOL=''
LIBTOOL_DEPS=''
LIB_DIR='/usr/local/lib'
LIB_DL=''
LIPO=''
LN_S='ln -s'
LOCALSTATE_DIR='/usr/local/var'
LPDelegate=''
LPRDelegate=''
LQR_CFLAGS=''
LQR_DELEGATE_FALSE=''
LQR_DELEGATE_TRUE=''
LQR_LIBS=''
LTLIBOBJS=''
LZMA_CFLAGS=''
LZMA_DELEGATE_FALSE=''
LZMA_DELEGATE_TRUE=''
LZMA_LIBS=''
LaunchDelegate=''
MAGICKCORE_PATH=''
MAGICK_CFLAGS=''
MAGICK_CODER_MODULE_PATH='/tmp/icehockey/ImageMagick-6.8.0-4/coders'
MAGICK_CONFIGURE_BUILD_PATH='/tmp/icehockey/ImageMagick-6.8.0-4/config'
MAGICK_CONFIGURE_SRC_PATH='/tmp/icehockey/ImageMagick-6.8.0-4/config'
MAGICK_CPPFLAGS=''
MAGICK_CXXFLAGS=''
MAGICK_DEP_LIBS=''
MAGICK_FEATURES='OpenMP '
MAGICK_FILTER_MODULE_PATH='/tmp/icehockey/ImageMagick-6.8.0-4/filters'
MAGICK_HDRI=''
MAGICK_LDFLAGS=''
MAGICK_LIBRARY_AGE='0'
MAGICK_LIBRARY_CURRENT='6'
MAGICK_LIBRARY_CURRENT_MIN='6'
MAGICK_LIBRARY_REVISION='0'
MAGICK_LIBRARY_VERSION_INFO='6:0:0'
MAGICK_LIBS=''
MAGICK_LIB_VERSION='0x060000'
MAGICK_LIB_VERSION_NUMBER='6,0,0'
MAGICK_LIB_VERSION_TEXT='6.8.0'
MAGICK_LT_RELEASE_OPTS=''
MAGICK_PCFLAGS=' -fopenmp'
MAGICK_SVN_REVISION='Unversioned'
MAGICK_TARGET_CPU='x86_64'
MAGICK_TARGET_OS='linux-gnu'
MAGICK_TARGET_VENDOR='unknown'
MAINT=''
MAINTAINER_MODE_FALSE=''
MAINTAINER_MODE_TRUE=''
MAKEINFO='${SHELL} /tmp/icehockey/ImageMagick-6.8.0-4/config/missing --run makeinfo'
MANDelegate=''
MANIFEST_TOOL=''
MAN_DIR='/usr/local/share/man'
MATH_LIBS=''
MKDIR_P='/bin/mkdir -p'
MODULE_EXTRA_CPPFLAGS=''
MPEGDecodeDelegate=''
MPEGEncodeDelegate=''
MVDelegate=''
MogrifyDelegate=''
MrSIDDecodeDelegate=''
NM='/usr/bin/nm -B'
NMEDIT=''
OBJDUMP='objdump'
OBJEXT='o'
OPENEXR_CFLAGS=''
OPENEXR_DELEGATE_FALSE=''
OPENEXR_DELEGATE_TRUE=''
OPENEXR_LIBS=''
OPENMP_CFLAGS='-fopenmp'
OPENMP_CXXFLAGS=''
OSX_GCOV_LDFLAG=''
OTOOL64=''
OTOOL=''
P7ZIP=''
P7ZIP_DELEGATE_FALSE=''
P7ZIP_DELEGATE_TRUE=''
PACKAGE='ImageMagick'
PACKAGE_BUGREPORT='http://www.imagemagick.org'
PACKAGE_CHANGE_DATE='20121031'
PACKAGE_LIB_VERSION='0x680'
PACKAGE_LIB_VERSION_NUMBER='6,8,0,4'
PACKAGE_NAME='ImageMagick'
PACKAGE_PERL_VERSION='6.80'
PACKAGE_RELEASE='4'
PACKAGE_RELEASE_DATE='2012-11-13'
PACKAGE_STRING='ImageMagick 6.8.0'
PACKAGE_TARNAME='ImageMagick'
PACKAGE_URL=''
PACKAGE_VERSION='6.8.0'
PACKAGE_VERSION_ADDENDUM='-4'
PANGOCAIRO_DELEGATE_FALSE=''
PANGOCAIRO_DELEGATE_TRUE=''
PANGO_CFLAGS=''
PANGO_DELEGATE_FALSE=''
PANGO_DELEGATE_TRUE=''
PANGO_LIBS=''
PATH_SEPARATOR=':'
PCLCMYKDevice=''
PCLColorDevice=''
PCLDelegate=''
PCLMonoDevice=''
PCLVersion=''
PERL=''
PERLMAINCC=''
PERL_MAKE_OPTIONS=''
PERL_SUPPORTS_DESTDIR=''
PERL_VERSION=''
PERSISTINCLUDE_DIR='/usr/include'
PGPDecodeDelegate=''
PKG_CONFIG='/usr/bin/pkg-config'
PNG_DELEGATE_FALSE=''
PNG_DELEGATE_TRUE=''
PNG_LIBS=''
POVDelegate=''
POW_LIB=''
PREFIX_DIR='/usr/local'
PRTDIAG=''
PSDelegate=''
PTHREAD_CC='gcc -std=gnu99 -std=gnu99'
PTHREAD_CFLAGS='-pthread'
PTHREAD_LIBS=''
PrintDelegate=''
QUANTUM_DEPTH=''
RANLIB='ranlib'
RLEEncodeDelegate=''
RMDelegate=''
RPM=''
RPM_DELEGATE_FALSE=''
RPM_DELEGATE_TRUE=''
RSVGDecodeDelegate=''
RSVG_CFLAGS=''
RSVG_DELEGATE_FALSE=''
RSVG_DELEGATE_TRUE=''
RSVG_LIBS=''
SBIN_DIR='/usr/local/sbin'
SCANDecodeDelegate=''
SED='/bin/sed'
SET_MAKE=''
SHAREARCH_DIR='/usr/local/lib'
SHAREARCH_PATH=''
SHAREDSTATE_DIR='/usr/local/com'
SHARE_PATH=''
SHELL='/bin/bash'
STRIP='strip'
SVGDecodeDelegate=''
SYSCONF_DIR='/usr/local/etc'
ShowImageDelegate=''
TAR=''
THREAD_LIBS=''
TIFF_DELEGATE_FALSE=''
TIFF_DELEGATE_TRUE=''
TIFF_LIBS=''
TXTDelegate=''
UINT16_T=''
UINT32_F=''
UINT32_T=''
UINT64_F=''
UINT64_T=''
UINT8_T=''
UINTMAX_F=''
UINTMAX_T=''
UINTPTR_F=''
UINTPTR_T=''
UMEM_LIBS=''
USING_CL_FALSE=''
USING_CL_TRUE='#'
UniconvertorDelegate=''
VERSION='6.8.0-4'
WEBP_DELEGATE_FALSE=''
WEBP_DELEGATE_TRUE=''
WEBP_LIBS=''
WIN32_NATIVE_BUILD_FALSE=''
WIN32_NATIVE_BUILD_TRUE='#'
WINGDI32_DELEGATE_FALSE=''
WINGDI32_DELEGATE_TRUE='#'
WITH_LTDL_FALSE=''
WITH_LTDL_TRUE=''
WITH_MAGICK_PLUS_PLUS_FALSE=''
WITH_MAGICK_PLUS_PLUS_TRUE=''
WITH_MODULES_FALSE=''
WITH_MODULES_TRUE=''
WITH_PERL_DYNAMIC_FALSE=''
WITH_PERL_DYNAMIC_TRUE=''
WITH_PERL_FALSE=''
WITH_PERL_STATIC_FALSE=''
WITH_PERL_STATIC_TRUE=''
WITH_PERL_TRUE=''
WITH_SHARED_LIBS_FALSE=''
WITH_SHARED_LIBS_TRUE=''
WMFDecodeDelegate=''
WMF_DELEGATE_FALSE=''
WMF_DELEGATE_TRUE=''
WMF_LIBS=''
WMF_LIBS_DEPS=''
WWWDecodeDelegate=''
WinPathScript='/tmp/icehockey/ImageMagick-6.8.0-4/winpath.sh'
X11_DELEGATE_FALSE=''
X11_DELEGATE_TRUE=''
X11_LIBS=''
XEXT_LIBS=''
XMKMF=''
XML_DELEGATE_FALSE=''
XML_DELEGATE_TRUE=''
XML_LIBS=''
XPSCMYKDevice=''
XPSColorDevice=''
XPSDelegate=''
XPSMonoDevice=''
XPSVersion=''
X_CFLAGS=''
X_EXTRA_LIBS=''
X_LIBS=''
X_PRE_LIBS=''
ZIP=''
ZIP_DELEGATE_FALSE=''
ZIP_DELEGATE_TRUE=''
ZLIB_DELEGATE_FALSE=''
ZLIB_DELEGATE_TRUE=''
ZLIB_LIBS=''
ZipDelegate=''
ac_ct_AR='ar'
ac_ct_CC='gcc'
ac_ct_CXX='g++'
ac_ct_DUMPBIN=''
am__EXEEXT_FALSE=''
am__EXEEXT_TRUE=''
am__fastdepCC_FALSE='#'
am__fastdepCC_TRUE=''
am__fastdepCXX_FALSE='#'
am__fastdepCXX_TRUE=''
am__include='include'
am__isrc=''
am__leading_dot='.'
am__nodep='_no'
am__quote=''
am__tar='$${TAR-tar} chof - "$$tardir"'
am__untar='$${TAR-tar} xf -'
ax_pthread_config=''
bindir='${exec_prefix}/bin'
build='x86_64-unknown-linux-gnu'
build_alias=''
build_cpu='x86_64'
build_os='linux-gnu'
build_vendor='unknown'
datadir='${datarootdir}'
datarootdir='${prefix}/share'
dejavu_font_dir=''
docdir='${datarootdir}/doc/${PACKAGE_TARNAME}'
dvidir='${docdir}'
exec_prefix='${prefix}'
freetype_config=''
ghostscript_font_dir=''
host='x86_64-unknown-linux-gnu'
host_alias=''
host_cpu='x86_64'
host_os='linux-gnu'
host_vendor='unknown'
htmldir='${docdir}'
includedir='${prefix}/include'
infodir='${datarootdir}/info'
install_sh='${SHELL} /tmp/icehockey/ImageMagick-6.8.0-4/config/install-sh'
libdir='${exec_prefix}/lib'
libexecdir='${exec_prefix}/libexec'
localedir='${datarootdir}/locale'
localstatedir='${prefix}/var'
mandir='${datarootdir}/man'
mkdir_p='$(MKDIR_P)'
oldincludedir='/usr/include'
pdfdir='${docdir}'
prefix='/usr/local'
program_transform_name='s,x,x,'
psdir='${docdir}'
sbindir='${exec_prefix}/sbin'
sharedstatedir='${prefix}/com'
sysconfdir='${prefix}/etc'
target='x86_64-unknown-linux-gnu'
target_alias=''
target_cpu='x86_64'
target_os='linux-gnu'
target_vendor='unknown'
type_include_files=''
windows_font_dir=''
xml2_config=''

## ----------- ##
## confdefs.h. ##
## ----------- ##

/* confdefs.h */
#define PACKAGE_NAME "ImageMagick"
#define PACKAGE_TARNAME "ImageMagick"
#define PACKAGE_VERSION "6.8.0-4"
#define PACKAGE_STRING "ImageMagick 6.8.0-4"
#define PACKAGE_BUGREPORT "http://www.imagemagick.org"
#define PACKAGE_URL ""
#define MAGICK_TARGET_CPU x86_64
#define MAGICK_TARGET_VENDOR unknown
#define MAGICK_TARGET_OS linux-gnu
#define PACKAGE "ImageMagick"
#define VERSION "6.8.0-4"
#define STDC_HEADERS 1
#define HAVE_SYS_TYPES_H 1
#define HAVE_SYS_STAT_H 1
#define HAVE_STDLIB_H 1
#define HAVE_STRING_H 1
#define HAVE_MEMORY_H 1
#define HAVE_STRINGS_H 1
#define HAVE_INTTYPES_H 1
#define HAVE_STDINT_H 1
#define HAVE_UNISTD_H 1
#define __EXTENSIONS__ 1
#define _ALL_SOURCE 1
#define _GNU_SOURCE 1
#define _POSIX_PTHREAD_SEMANTICS 1
#define _TANDEM_SOURCE 1
#define HAVE___ATTRIBUTE__ 1
#define HAVE_PTHREAD_PRIO_INHERIT 1
#define HAVE_PTHREAD 1
#define THREAD_SUPPORT 1
#define HAVE_PTHREAD_PRIO_INHERIT 1
#define HAVE_PTHREAD 1
#define HAVE_FSEEKO 1

configure: caught signal 2
configure: exit 1
